#
# There is insufficient memory for the Java Runtime Environment to continue.
# Native memory allocation (malloc) failed to allocate 32744 bytes. Error detail: Chunk::new
# Possible reasons:
#   The system is out of physical RAM or swap space
#   This process is running with CompressedOops enabled, and the Java Heap may be blocking the growth of the native heap
# Possible solutions:
#   Reduce memory load on the system
#   Increase physical memory or swap space
#   Check if swap backing store is full
#   Decrease Java heap size (-Xmx/-Xms)
#   Decrease number of Java threads
#   Decrease Java thread stack sizes (-Xss)
#   Set larger code cache with -XX:ReservedCodeCacheSize=
#   JVM is running with Unscaled Compressed Oops mode in which the Java heap is
#     placed in the first 4GB address space. The Java Heap base address is the
#     maximum limit for the native heap growth. Please use -XX:HeapBaseMinAddress
#     to set the Java Heap base and to place the Java Heap above 4GB virtual address.
# This output file may be truncated or incomplete.
#
#  Out of Memory Error (arena.cpp:168), pid=20412, tid=13516
#
# JRE version: OpenJDK Runtime Environment (21.0.9) (build 21.0.9+-14649483-b1163.86)
# Java VM: OpenJDK 64-Bit Server VM (21.0.9+-14649483-b1163.86, mixed mode, tiered, compressed oops, compressed class ptrs, g1 gc, windows-amd64)
# No core dump will be written. Minidumps are not enabled by default on client versions of Windows
#

---------------  S U M M A R Y ------------

Command Line: --add-opens=java.base/java.lang=ALL-UNNAMED --add-opens=java.base/java.lang.invoke=ALL-UNNAMED --add-opens=java.base/java.util=ALL-UNNAMED --add-opens=java.prefs/java.util.prefs=ALL-UNNAMED --add-exports=jdk.compiler/com.sun.tools.javac.api=ALL-UNNAMED --add-exports=jdk.compiler/com.sun.tools.javac.util=ALL-UNNAMED --add-opens=java.base/java.util=ALL-UNNAMED --add-opens=java.prefs/java.util.prefs=ALL-UNNAMED --add-opens=java.base/java.nio.charset=ALL-UNNAMED --add-opens=java.base/java.net=ALL-UNNAMED --add-opens=java.base/java.util.concurrent=ALL-UNNAMED --add-opens=java.base/java.util.concurrent.atomic=ALL-UNNAMED --add-opens=java.xml/javax.xml.namespace=ALL-UNNAMED --add-opens=java.base/java.time=ALL-UNNAMED -Xmx2048m -Dfile.encoding=UTF-8 -Duser.country=CO -Duser.language=es -Duser.variant -javaagent:C:\Users\USUARIO\.gradle\wrapper\dists\gradle-9.2.1-bin\2t0n5ozlw9xmuyvbp7dnzaxug\gradle-9.2.1\lib\agents\gradle-instrumentation-agent-9.2.1.jar org.gradle.launcher.daemon.bootstrap.GradleDaemon 9.2.1

Host: AMD Ryzen 5 7520U with Radeon Graphics         , 8 cores, 15G,  Windows 11 , 64 bit Build 26100 (10.0.26100.7920)
Time: Thu Mar 26 19:13:26 2026 Hora est. Pac璗ico, Sudam廨ica elapsed time: 10.382115 seconds (0d 0h 0m 10s)

---------------  T H R E A D  ---------------

Current thread (0x000001826cf2ce50):  JavaThread "C2 CompilerThread2" daemon [_thread_in_native, id=13516, stack(0x00000065b2f00000,0x00000065b3000000) (1024K)]


Current CompileTask:
C2:10382 6955   !   4       java.net.URLClassLoader$1::run (81 bytes)

Stack: [0x00000065b2f00000,0x00000065b3000000]
Native frames: (J=compiled Java code, j=interpreted, Vv=VM code, C=native code)
V  [jvm.dll+0x6d6c99]
V  [jvm.dll+0x866b83]
V  [jvm.dll+0x86919e]
V  [jvm.dll+0x869883]
V  [jvm.dll+0x280776]
V  [jvm.dll+0xc07cd]
V  [jvm.dll+0xc0d03]
V  [jvm.dll+0x2ffa67]
V  [jvm.dll+0x2fd85f]
V  [jvm.dll+0x2fe732]
V  [jvm.dll+0x2ff0bc]
V  [jvm.dll+0x24ab6c]
V  [jvm.dll+0x24892e]
V  [jvm.dll+0x1c7344]
V  [jvm.dll+0x2581ae]
V  [jvm.dll+0x2566f6]
V  [jvm.dll+0x3f48a6]
V  [jvm.dll+0x80f118]
V  [jvm.dll+0x6d54ed]
C  [ucrtbase.dll+0x37b0]
C  [KERNEL32.DLL+0x2e8d7]
C  [ntdll.dll+0x8c48c]


---------------  P R O C E S S  ---------------

Threads class SMR info:
_java_thread_list=0x000001826c697470, length=63, elements={
0x000001824d2e2fe0, 0x0000018264adf4c0, 0x0000018264ae27b0, 0x0000018264ae3210,
0x0000018264b1fc10, 0x0000018264b20670, 0x0000018264b21c40, 0x0000018264b23610,
0x0000018264b25040, 0x0000018264b26650, 0x0000018264de8fb0, 0x0000018269d58df0,
0x0000018269fa9650, 0x000001826bbf3250, 0x0000018269dc0db0, 0x000001826b16e610,
0x000001826a74b070, 0x000001826ba421b0, 0x000001826ba42840, 0x000001826ba41490,
0x000001826ba41b20, 0x000001826bc52850, 0x000001826bc55640, 0x000001826bc53c00,
0x000001826bc52ee0, 0x000001826bc55cd0, 0x000001826bc56360, 0x000001826bc569f0,
0x000001826bc53570, 0x000001826bc57710, 0x000001826bc57080, 0x000001826bc57da0,
0x000001826bc54920, 0x000001826bc58430, 0x000001826bc58ac0, 0x000001826bc59150,
0x000001826bc597e0, 0x000001826d6c2040, 0x000001826d6c3a80, 0x000001826d6c0c90,
0x000001826d6c1320, 0x000001826d6c33f0, 0x000001826d6c0600, 0x000001826d6c61e0,
0x000001826d6c5b50, 0x000001826d6c4110, 0x000001826d6c47a0, 0x000001826d6c4e30,
0x000001826d6c19b0, 0x000001826d6c6870, 0x000001826d6c54c0, 0x000001826d6c7590,
0x000001826d6c7c20, 0x000001826ff0fca0, 0x000001826ff109c0, 0x000001826ff10330,
0x000001826ff11050, 0x000001826ff0e260, 0x000001826ff0e8f0, 0x000001826ff0f610,
0x000001826ff0dbd0, 0x000001826ff137b0, 0x000001826cf2ce50
}

Java Threads: ( => current thread )
  0x000001824d2e2fe0 JavaThread "main"                              [_thread_blocked, id=3024, stack(0x00000065ae200000,0x00000065ae300000) (1024K)]
  0x0000018264adf4c0 JavaThread "Common-Cleaner"             daemon [_thread_blocked, id=20368, stack(0x00000065aea00000,0x00000065aeb00000) (1024K)]
  0x0000018264ae27b0 JavaThread "Reference Handler"          daemon [_thread_blocked, id=21780, stack(0x00000065aeb00000,0x00000065aec00000) (1024K)]
  0x0000018264ae3210 JavaThread "Finalizer"                  daemon [_thread_blocked, id=5460, stack(0x00000065aec00000,0x00000065aed00000) (1024K)]
  0x0000018264b1fc10 JavaThread "Signal Dispatcher"          daemon [_thread_blocked, id=24096, stack(0x00000065aed00000,0x00000065aee00000) (1024K)]
  0x0000018264b20670 JavaThread "Attach Listener"            daemon [_thread_blocked, id=12784, stack(0x00000065aee00000,0x00000065aef00000) (1024K)]
  0x0000018264b21c40 JavaThread "Service Thread"             daemon [_thread_blocked, id=1612, stack(0x00000065aef00000,0x00000065af000000) (1024K)]
  0x0000018264b23610 JavaThread "Monitor Deflation Thread"   daemon [_thread_blocked, id=22872, stack(0x00000065af000000,0x00000065af100000) (1024K)]
  0x0000018264b25040 JavaThread "C2 CompilerThread0"         daemon [_thread_in_native, id=20828, stack(0x00000065af100000,0x00000065af200000) (1024K)]
  0x0000018264b26650 JavaThread "C1 CompilerThread0"         daemon [_thread_in_native, id=20488, stack(0x00000065af200000,0x00000065af300000) (1024K)]
  0x0000018264de8fb0 JavaThread "Notification Thread"        daemon [_thread_blocked, id=11012, stack(0x00000065af300000,0x00000065af400000) (1024K)]
  0x0000018269d58df0 JavaThread "C2 CompilerThread1"         daemon [_thread_in_native, id=20452, stack(0x00000065af400000,0x00000065af500000) (1024K)]
  0x0000018269fa9650 JavaThread "Daemon health stats"               [_thread_blocked, id=17636, stack(0x00000065af900000,0x00000065afa00000) (1024K)]
  0x000001826bbf3250 JavaThread "Incoming local TCP Connector on port 57148"        [_thread_in_native, id=25452, stack(0x00000065afa00000,0x00000065afb00000) (1024K)]
  0x0000018269dc0db0 JavaThread "Daemon periodic checks"            [_thread_blocked, id=15628, stack(0x00000065afb00000,0x00000065afc00000) (1024K)]
  0x000001826b16e610 JavaThread "Daemon"                            [_thread_blocked, id=7024, stack(0x00000065afc00000,0x00000065afd00000) (1024K)]
  0x000001826a74b070 JavaThread "Handler for socket connection from /127.0.0.1:57148 to /127.0.0.1:57149"        [_thread_in_native, id=24112, stack(0x00000065afd00000,0x00000065afe00000) (1024K)]
  0x000001826ba421b0 JavaThread "Cancel handler"                    [_thread_blocked, id=3916, stack(0x00000065b0200000,0x00000065b0300000) (1024K)]
  0x000001826ba42840 JavaThread "Daemon worker"                     [_thread_in_vm, id=19676, stack(0x00000065b0300000,0x00000065b0400000) (1024K)]
  0x000001826ba41490 JavaThread "Asynchronous log dispatcher for DefaultDaemonConnection: socket connection from /127.0.0.1:57148 to /127.0.0.1:57149"        [_thread_blocked, id=22972, stack(0x00000065b0400000,0x00000065b0500000) (1024K)]
  0x000001826ba41b20 JavaThread "Stdin handler"                     [_thread_blocked, id=23892, stack(0x00000065b0500000,0x00000065b0600000) (1024K)]
  0x000001826bc52850 JavaThread "Daemon client event forwarder"        [_thread_blocked, id=12028, stack(0x00000065b0600000,0x00000065b0700000) (1024K)]
  0x000001826bc55640 JavaThread "Cache worker for journal cache (C:\Users\USUARIO\.gradle\caches\journal-1)"        [_thread_blocked, id=2132, stack(0x00000065b0700000,0x00000065b0800000) (1024K)]
  0x000001826bc53c00 JavaThread "File lock request listener"        [_thread_in_native, id=13460, stack(0x00000065b0800000,0x00000065b0900000) (1024K)]
  0x000001826bc52ee0 JavaThread "Cache worker for file hash cache (C:\Users\USUARIO\.gradle\caches\9.2.1\fileHashes)"        [_thread_blocked, id=23752, stack(0x00000065b0900000,0x00000065b0a00000) (1024K)]
  0x000001826bc55cd0 JavaThread "Cache worker for file hash cache (C:\Users\USUARIO\StudioProjects\LovelyPets\.gradle\9.2.1\fileHashes)"        [_thread_blocked, id=15556, stack(0x00000065b0b00000,0x00000065b0c00000) (1024K)]
  0x000001826bc56360 JavaThread "Cache worker for Build Output Cleanup Cache (C:\Users\USUARIO\StudioProjects\LovelyPets\.gradle\buildOutputCleanup)"        [_thread_blocked, id=19904, stack(0x00000065b0c00000,0x00000065b0d00000) (1024K)]
  0x000001826bc569f0 JavaThread "File watcher server"        daemon [_thread_in_native, id=25328, stack(0x00000065b0d00000,0x00000065b0e00000) (1024K)]
  0x000001826bc53570 JavaThread "File watcher consumer"      daemon [_thread_blocked, id=1812, stack(0x00000065b0e00000,0x00000065b0f00000) (1024K)]
  0x000001826bc57710 JavaThread "jar transforms"                    [_thread_blocked, id=3676, stack(0x00000065b0f00000,0x00000065b1000000) (1024K)]
  0x000001826bc57080 JavaThread "jar transforms Thread 2"           [_thread_blocked, id=14692, stack(0x00000065b1000000,0x00000065b1100000) (1024K)]
  0x000001826bc57da0 JavaThread "jar transforms Thread 3"           [_thread_blocked, id=24692, stack(0x00000065b1100000,0x00000065b1200000) (1024K)]
  0x000001826bc54920 JavaThread "jar transforms Thread 4"           [_thread_blocked, id=24224, stack(0x00000065b1200000,0x00000065b1300000) (1024K)]
  0x000001826bc58430 JavaThread "jar transforms Thread 5"           [_thread_blocked, id=21796, stack(0x00000065b1300000,0x00000065b1400000) (1024K)]
  0x000001826bc58ac0 JavaThread "jar transforms Thread 6"           [_thread_blocked, id=8852, stack(0x00000065b1400000,0x00000065b1500000) (1024K)]
  0x000001826bc59150 JavaThread "jar transforms Thread 7"           [_thread_blocked, id=12392, stack(0x00000065b1500000,0x00000065b1600000) (1024K)]
  0x000001826bc597e0 JavaThread "jar transforms Thread 8"           [_thread_blocked, id=4808, stack(0x00000065b1600000,0x00000065b1700000) (1024K)]
  0x000001826d6c2040 JavaThread "Cache worker for checksums cache (C:\Users\USUARIO\StudioProjects\LovelyPets\.gradle\9.2.1\checksums)"        [_thread_blocked, id=9696, stack(0x00000065b1700000,0x00000065b1800000) (1024K)]
  0x000001826d6c3a80 JavaThread "Cache worker for file content cache (C:\Users\USUARIO\.gradle\caches\9.2.1\fileContent)"        [_thread_blocked, id=21372, stack(0x00000065b1800000,0x00000065b1900000) (1024K)]
  0x000001826d6c0c90 JavaThread "Cache worker for cache directory md-supplier (C:\Users\USUARIO\.gradle\caches\9.2.1\md-supplier)"        [_thread_blocked, id=17144, stack(0x00000065b1900000,0x00000065b1a00000) (1024K)]
  0x000001826d6c1320 JavaThread "Cache worker for cache directory md-rule (C:\Users\USUARIO\.gradle\caches\9.2.1\md-rule)"        [_thread_blocked, id=18288, stack(0x00000065b1a00000,0x00000065b1b00000) (1024K)]
  0x000001826d6c33f0 JavaThread "Unconstrained build operations"        [_thread_blocked, id=6528, stack(0x00000065b1b00000,0x00000065b1c00000) (1024K)]
  0x000001826d6c0600 JavaThread "Unconstrained build operations Thread 2"        [_thread_blocked, id=24428, stack(0x00000065b1c00000,0x00000065b1d00000) (1024K)]
  0x000001826d6c61e0 JavaThread "Unconstrained build operations Thread 3"        [_thread_blocked, id=24640, stack(0x00000065b1d00000,0x00000065b1e00000) (1024K)]
  0x000001826d6c5b50 JavaThread "Unconstrained build operations Thread 4"        [_thread_blocked, id=21412, stack(0x00000065b1e00000,0x00000065b1f00000) (1024K)]
  0x000001826d6c4110 JavaThread "Unconstrained build operations Thread 5"        [_thread_blocked, id=10584, stack(0x00000065b1f00000,0x00000065b2000000) (1024K)]
  0x000001826d6c47a0 JavaThread "Unconstrained build operations Thread 6"        [_thread_blocked, id=7584, stack(0x00000065b2000000,0x00000065b2100000) (1024K)]
  0x000001826d6c4e30 JavaThread "Unconstrained build operations Thread 7"        [_thread_blocked, id=20764, stack(0x00000065b2100000,0x00000065b2200000) (1024K)]
  0x000001826d6c19b0 JavaThread "Unconstrained build operations Thread 8"        [_thread_blocked, id=20616, stack(0x00000065b2200000,0x00000065b2300000) (1024K)]
  0x000001826d6c6870 JavaThread "Unconstrained build operations Thread 9"        [_thread_blocked, id=16068, stack(0x00000065b2300000,0x00000065b2400000) (1024K)]
  0x000001826d6c54c0 JavaThread "Unconstrained build operations Thread 10"        [_thread_blocked, id=6516, stack(0x00000065b2400000,0x00000065b2500000) (1024K)]
  0x000001826d6c7590 JavaThread "Unconstrained build operations Thread 11"        [_thread_blocked, id=25084, stack(0x00000065b2500000,0x00000065b2600000) (1024K)]
  0x000001826d6c7c20 JavaThread "Unconstrained build operations Thread 12"        [_thread_blocked, id=7156, stack(0x00000065b2600000,0x00000065b2700000) (1024K)]
  0x000001826ff0fca0 JavaThread "Unconstrained build operations Thread 13"        [_thread_blocked, id=16792, stack(0x00000065b2700000,0x00000065b2800000) (1024K)]
  0x000001826ff109c0 JavaThread "Unconstrained build operations Thread 14"        [_thread_blocked, id=22340, stack(0x00000065b2800000,0x00000065b2900000) (1024K)]
  0x000001826ff10330 JavaThread "Unconstrained build operations Thread 15"        [_thread_blocked, id=25324, stack(0x00000065b2900000,0x00000065b2a00000) (1024K)]
  0x000001826ff11050 JavaThread "Unconstrained build operations Thread 16"        [_thread_blocked, id=11484, stack(0x00000065b2a00000,0x00000065b2b00000) (1024K)]
  0x000001826ff0e260 JavaThread "Unconstrained build operations Thread 17"        [_thread_blocked, id=22848, stack(0x00000065b2b00000,0x00000065b2c00000) (1024K)]
  0x000001826ff0e8f0 JavaThread "Unconstrained build operations Thread 18"        [_thread_blocked, id=19556, stack(0x00000065b2c00000,0x00000065b2d00000) (1024K)]
  0x000001826ff0f610 JavaThread "Unconstrained build operations Thread 19"        [_thread_blocked, id=5748, stack(0x00000065b0a00000,0x00000065b0b00000) (1024K)]
  0x000001826ff0dbd0 JavaThread "Unconstrained build operations Thread 20"        [_thread_blocked, id=14400, stack(0x00000065b2d00000,0x00000065b2e00000) (1024K)]
  0x000001826ff137b0 JavaThread "Unconstrained build operations Thread 21"        [_thread_blocked, id=9276, stack(0x00000065b2e00000,0x00000065b2f00000) (1024K)]
=>0x000001826cf2ce50 JavaThread "C2 CompilerThread2"         daemon [_thread_in_native, id=13516, stack(0x00000065b2f00000,0x00000065b3000000) (1024K)]
Total: 63

Other Threads:
  0x00000182649eacf0 VMThread "VM Thread"                           [id=13728, stack(0x00000065ae900000,0x00000065aea00000) (1024K)]
  0x0000018264978120 WatcherThread "VM Periodic Task Thread"        [id=1968, stack(0x00000065ae800000,0x00000065ae900000) (1024K)]
  0x000001824d33ca00 WorkerThread "GC Thread#0"                     [id=25176, stack(0x00000065ae300000,0x00000065ae400000) (1024K)]
  0x000001826957afd0 WorkerThread "GC Thread#1"                     [id=9660, stack(0x00000065af500000,0x00000065af600000) (1024K)]
  0x000001826957b370 WorkerThread "GC Thread#2"                     [id=8164, stack(0x00000065af600000,0x00000065af700000) (1024K)]
  0x000001826957b710 WorkerThread "GC Thread#3"                     [id=15408, stack(0x00000065af700000,0x00000065af800000) (1024K)]
  0x000001826957bab0 WorkerThread "GC Thread#4"                     [id=14040, stack(0x00000065af800000,0x00000065af900000) (1024K)]
  0x000001826bc0ff00 WorkerThread "GC Thread#5"                     [id=1972, stack(0x00000065afe00000,0x00000065aff00000) (1024K)]
  0x000001826b427c50 WorkerThread "GC Thread#6"                     [id=14500, stack(0x00000065aff00000,0x00000065b0000000) (1024K)]
  0x000001826a6a4170 WorkerThread "GC Thread#7"                     [id=23060, stack(0x00000065b0000000,0x00000065b0100000) (1024K)]
  0x000001824d34d8f0 ConcurrentGCThread "G1 Main Marker"            [id=1308, stack(0x00000065ae400000,0x00000065ae500000) (1024K)]
  0x000001824d34f8e0 WorkerThread "G1 Conc#0"                       [id=9392, stack(0x00000065ae500000,0x00000065ae600000) (1024K)]
  0x000001826b869c00 WorkerThread "G1 Conc#1"                       [id=21624, stack(0x00000065b0100000,0x00000065b0200000) (1024K)]
  0x000001824d39e450 ConcurrentGCThread "G1 Refine#0"               [id=11420, stack(0x00000065ae600000,0x00000065ae700000) (1024K)]
  0x000001824d39e9e0 ConcurrentGCThread "G1 Service"                [id=7592, stack(0x00000065ae700000,0x00000065ae800000) (1024K)]
Total: 15

Threads with active compile tasks:
C2 CompilerThread0  10415 6951   !   4       java.net.URLClassLoader::findClass (47 bytes)
C1 CompilerThread0  10415 7204   !   3       java.util.concurrent.ConcurrentHashMap::compute (654 bytes)
C2 CompilerThread1  10415 6954       4       java.net.URLClassLoader$1::run (5 bytes)
C2 CompilerThread2  10415 6955   !   4       java.net.URLClassLoader$1::run (81 bytes)
Total: 4

VM state: not at safepoint (normal execution)

VM Mutex/Monitor currently owned by a thread: None

Heap address: 0x0000000080000000, size: 2048 MB, Compressed Oops mode: 32-bit

CDS archive(s) not mapped
Compressed class space mapped at: 0x0000000100000000-0x0000000140000000, reserved size: 1073741824
Narrow klass base: 0x0000000000000000, Narrow klass shift: 3, Narrow klass range: 0x140000000

GC Precious Log:
 CardTable entry size: 512
 Card Set container configuration: InlinePtr #cards 5 size 8 Array Of Cards #cards 12 size 40 Howl #buckets 4 coarsen threshold 1843 Howl Bitmap #cards 512 size 80 coarsen threshold 460 Card regions per heap region 1 cards per card region 2048
 CPUs: 8 total, 8 available
 Memory: 15647M
 Large Page Support: Disabled
 NUMA Support: Disabled
 Compressed Oops: Enabled (32-bit)
 Heap Region Size: 1M
 Heap Min Capacity: 8M
 Heap Initial Capacity: 246M
 Heap Max Capacity: 2G
 Pre-touch: Disabled
 Parallel Workers: 8
 Concurrent Workers: 2
 Concurrent Refinement Workers: 8
 Periodic GC: Disabled

Heap:
 garbage-first heap   total 126976K, used 94789K [0x0000000080000000, 0x0000000100000000)
  region size 1024K, 22 young (22528K), 4 survivors (4096K)
 Metaspace       used 72601K, committed 74496K, reserved 1114112K
  class space    used 10451K, committed 11392K, reserved 1048576K

Heap Regions: E=young(eden), S=young(survivor), O=old, HS=humongous(starts), HC=humongous(continues), CS=collection set, F=free, TAMS=top-at-mark-start, PB=parsable bottom
|   0|0x0000000080000000, 0x0000000080100000, 0x0000000080100000|100%|HS|  |TAMS 0x0000000080000000| PB 0x0000000080000000| Complete 
|   1|0x0000000080100000, 0x0000000080200000, 0x0000000080200000|100%|HC|  |TAMS 0x0000000080100000| PB 0x0000000080100000| Complete 
|   2|0x0000000080200000, 0x0000000080300000, 0x0000000080300000|100%|HC|  |TAMS 0x0000000080200000| PB 0x0000000080200000| Complete 
|   3|0x0000000080300000, 0x0000000080400000, 0x0000000080400000|100%|HC|  |TAMS 0x0000000080300000| PB 0x0000000080300000| Complete 
|   4|0x0000000080400000, 0x0000000080500000, 0x0000000080500000|100%| O|  |TAMS 0x0000000080400000| PB 0x0000000080400000| Untracked 
|   5|0x0000000080500000, 0x0000000080600000, 0x0000000080600000|100%| O|  |TAMS 0x0000000080500000| PB 0x0000000080500000| Untracked 
|   6|0x0000000080600000, 0x0000000080700000, 0x0000000080700000|100%|HS|  |TAMS 0x0000000080600000| PB 0x0000000080600000| Complete 
|   7|0x0000000080700000, 0x0000000080800000, 0x0000000080800000|100%| O|  |TAMS 0x0000000080700000| PB 0x0000000080700000| Untracked 
|   8|0x0000000080800000, 0x0000000080900000, 0x0000000080900000|100%| O|  |TAMS 0x0000000080800000| PB 0x0000000080800000| Untracked 
|   9|0x0000000080900000, 0x0000000080a00000, 0x0000000080a00000|100%| O|  |TAMS 0x0000000080900000| PB 0x0000000080900000| Untracked 
|  10|0x0000000080a00000, 0x0000000080b00000, 0x0000000080b00000|100%| O|  |TAMS 0x0000000080a00000| PB 0x0000000080a00000| Untracked 
|  11|0x0000000080b00000, 0x0000000080bf3980, 0x0000000080c00000| 95%| O|  |TAMS 0x0000000080b00000| PB 0x0000000080b00000| Untracked 
|  12|0x0000000080c00000, 0x0000000080d00000, 0x0000000080d00000|100%| O|  |TAMS 0x0000000080c00000| PB 0x0000000080c00000| Untracked 
|  13|0x0000000080d00000, 0x0000000080e00000, 0x0000000080e00000|100%| O|  |TAMS 0x0000000080d00000| PB 0x0000000080d00000| Untracked 
|  14|0x0000000080e00000, 0x0000000080f00000, 0x0000000080f00000|100%| O|  |TAMS 0x0000000080e00000| PB 0x0000000080e00000| Untracked 
|  15|0x0000000080f00000, 0x0000000081000000, 0x0000000081000000|100%| O|  |TAMS 0x0000000080f00000| PB 0x0000000080f00000| Untracked 
|  16|0x0000000081000000, 0x0000000081100000, 0x0000000081100000|100%| O|  |TAMS 0x0000000081000000| PB 0x0000000081000000| Untracked 
|  17|0x0000000081100000, 0x0000000081200000, 0x0000000081200000|100%| O|  |TAMS 0x0000000081100000| PB 0x0000000081100000| Untracked 
|  18|0x0000000081200000, 0x0000000081300000, 0x0000000081300000|100%| O|  |TAMS 0x0000000081200000| PB 0x0000000081200000| Untracked 
|  19|0x0000000081300000, 0x0000000081300000, 0x0000000081400000|  0%| F|  |TAMS 0x0000000081300000| PB 0x0000000081300000| Untracked 
|  20|0x0000000081400000, 0x0000000081500000, 0x0000000081500000|100%| O|  |TAMS 0x0000000081400000| PB 0x0000000081400000| Untracked 
|  21|0x0000000081500000, 0x0000000081600000, 0x0000000081600000|100%| O|  |TAMS 0x0000000081500000| PB 0x0000000081500000| Untracked 
|  22|0x0000000081600000, 0x0000000081700000, 0x0000000081700000|100%|HS|  |TAMS 0x0000000081600000| PB 0x0000000081600000| Complete 
|  23|0x0000000081700000, 0x0000000081800000, 0x0000000081800000|100%| O|  |TAMS 0x0000000081700000| PB 0x0000000081700000| Untracked 
|  24|0x0000000081800000, 0x0000000081900000, 0x0000000081900000|100%|HS|  |TAMS 0x0000000081800000| PB 0x0000000081800000| Complete 
|  25|0x0000000081900000, 0x0000000081a00000, 0x0000000081a00000|100%|HC|  |TAMS 0x0000000081900000| PB 0x0000000081900000| Complete 
|  26|0x0000000081a00000, 0x0000000081b00000, 0x0000000081b00000|100%|HC|  |TAMS 0x0000000081a00000| PB 0x0000000081a00000| Complete 
|  27|0x0000000081b00000, 0x0000000081c00000, 0x0000000081c00000|100%|HC|  |TAMS 0x0000000081b00000| PB 0x0000000081b00000| Complete 
|  28|0x0000000081c00000, 0x0000000081d00000, 0x0000000081d00000|100%|HC|  |TAMS 0x0000000081c00000| PB 0x0000000081c00000| Complete 
|  29|0x0000000081d00000, 0x0000000081e00000, 0x0000000081e00000|100%|HC|  |TAMS 0x0000000081d00000| PB 0x0000000081d00000| Complete 
|  30|0x0000000081e00000, 0x0000000081f00000, 0x0000000081f00000|100%|HS|  |TAMS 0x0000000081e00000| PB 0x0000000081e00000| Complete 
|  31|0x0000000081f00000, 0x0000000082000000, 0x0000000082000000|100%|HC|  |TAMS 0x0000000081f00000| PB 0x0000000081f00000| Complete 
|  32|0x0000000082000000, 0x0000000082100000, 0x0000000082100000|100%|HS|  |TAMS 0x0000000082000000| PB 0x0000000082000000| Complete 
|  33|0x0000000082100000, 0x0000000082200000, 0x0000000082200000|100%|HC|  |TAMS 0x0000000082100000| PB 0x0000000082100000| Complete 
|  34|0x0000000082200000, 0x0000000082300000, 0x0000000082300000|100%|HC|  |TAMS 0x0000000082200000| PB 0x0000000082200000| Complete 
|  35|0x0000000082300000, 0x0000000082400000, 0x0000000082400000|100%|HC|  |TAMS 0x0000000082300000| PB 0x0000000082300000| Complete 
|  36|0x0000000082400000, 0x0000000082500000, 0x0000000082500000|100%|HC|  |TAMS 0x0000000082400000| PB 0x0000000082400000| Complete 
|  37|0x0000000082500000, 0x0000000082600000, 0x0000000082600000|100%|HC|  |TAMS 0x0000000082500000| PB 0x0000000082500000| Complete 
|  38|0x0000000082600000, 0x0000000082700000, 0x0000000082700000|100%|HS|  |TAMS 0x0000000082600000| PB 0x0000000082600000| Complete 
|  39|0x0000000082700000, 0x0000000082800000, 0x0000000082800000|100%|HC|  |TAMS 0x0000000082700000| PB 0x0000000082700000| Complete 
|  40|0x0000000082800000, 0x0000000082900000, 0x0000000082900000|100%|HS|  |TAMS 0x0000000082800000| PB 0x0000000082800000| Complete 
|  41|0x0000000082900000, 0x0000000082a00000, 0x0000000082a00000|100%| O|  |TAMS 0x0000000082900000| PB 0x0000000082900000| Untracked 
|  42|0x0000000082a00000, 0x0000000082b00000, 0x0000000082b00000|100%| O|  |TAMS 0x0000000082a00000| PB 0x0000000082a00000| Untracked 
|  43|0x0000000082b00000, 0x0000000082c00000, 0x0000000082c00000|100%| O|  |TAMS 0x0000000082b00000| PB 0x0000000082b00000| Untracked 
|  44|0x0000000082c00000, 0x0000000082d00000, 0x0000000082d00000|100%| O|  |TAMS 0x0000000082c00000| PB 0x0000000082c00000| Untracked 
|  45|0x0000000082d00000, 0x0000000082e00000, 0x0000000082e00000|100%| O|  |TAMS 0x0000000082d00000| PB 0x0000000082d00000| Untracked 
|  46|0x0000000082e00000, 0x0000000082f00000, 0x0000000082f00000|100%| O|  |TAMS 0x0000000082e00000| PB 0x0000000082e00000| Untracked 
|  47|0x0000000082f00000, 0x0000000083000000, 0x0000000083000000|100%| O|  |TAMS 0x0000000082f00000| PB 0x0000000082f00000| Untracked 
|  48|0x0000000083000000, 0x0000000083100000, 0x0000000083100000|100%| O|  |TAMS 0x0000000083000000| PB 0x0000000083000000| Untracked 
|  49|0x0000000083100000, 0x0000000083200000, 0x0000000083200000|100%| O|  |TAMS 0x0000000083100000| PB 0x0000000083100000| Untracked 
|  50|0x0000000083200000, 0x0000000083300000, 0x0000000083300000|100%| O|  |TAMS 0x0000000083200000| PB 0x0000000083200000| Untracked 
|  51|0x0000000083300000, 0x0000000083400000, 0x0000000083400000|100%|HS|  |TAMS 0x0000000083300000| PB 0x0000000083300000| Complete 
|  52|0x0000000083400000, 0x0000000083500000, 0x0000000083500000|100%|HC|  |TAMS 0x0000000083400000| PB 0x0000000083400000| Complete 
|  53|0x0000000083500000, 0x0000000083600000, 0x0000000083600000|100%| O|  |TAMS 0x0000000083500000| PB 0x0000000083500000| Untracked 
|  54|0x0000000083600000, 0x0000000083700000, 0x0000000083700000|100%| O|  |TAMS 0x0000000083600000| PB 0x0000000083600000| Untracked 
|  55|0x0000000083700000, 0x0000000083800000, 0x0000000083800000|100%| O|  |TAMS 0x0000000083700000| PB 0x0000000083700000| Untracked 
|  56|0x0000000083800000, 0x0000000083900000, 0x0000000083900000|100%| O|  |TAMS 0x0000000083800000| PB 0x0000000083800000| Untracked 
|  57|0x0000000083900000, 0x0000000083a00000, 0x0000000083a00000|100%| O|  |TAMS 0x0000000083900000| PB 0x0000000083900000| Untracked 
|  58|0x0000000083a00000, 0x0000000083a9e180, 0x0000000083b00000| 61%| O|  |TAMS 0x0000000083a00000| PB 0x0000000083a00000| Untracked 
|  59|0x0000000083b00000, 0x0000000083b00000, 0x0000000083c00000|  0%| F|  |TAMS 0x0000000083b00000| PB 0x0000000083b00000| Untracked 
|  60|0x0000000083c00000, 0x0000000083c00000, 0x0000000083d00000|  0%| F|  |TAMS 0x0000000083c00000| PB 0x0000000083c00000| Untracked 
|  61|0x0000000083d00000, 0x0000000083d00000, 0x0000000083e00000|  0%| F|  |TAMS 0x0000000083d00000| PB 0x0000000083d00000| Untracked 
|  62|0x0000000083e00000, 0x0000000083effb28, 0x0000000083f00000| 99%| S|CS|TAMS 0x0000000083e00000| PB 0x0000000083e00000| Complete 
|  63|0x0000000083f00000, 0x0000000084000000, 0x0000000084000000|100%| O|  |TAMS 0x0000000083f00000| PB 0x0000000083f00000| Untracked 
|  64|0x0000000084000000, 0x0000000084100000, 0x0000000084100000|100%| O|  |TAMS 0x0000000084000000| PB 0x0000000084000000| Untracked 
|  65|0x0000000084100000, 0x0000000084200000, 0x0000000084200000|100%| O|  |TAMS 0x0000000084100000| PB 0x0000000084100000| Untracked 
|  66|0x0000000084200000, 0x0000000084300000, 0x0000000084300000|100%| O|  |TAMS 0x0000000084200000| PB 0x0000000084200000| Untracked 
|  67|0x0000000084300000, 0x0000000084400000, 0x0000000084400000|100%| O|  |TAMS 0x0000000084300000| PB 0x0000000084300000| Untracked 
|  68|0x0000000084400000, 0x0000000084500000, 0x0000000084500000|100%| O|  |TAMS 0x0000000084400000| PB 0x0000000084400000| Untracked 
|  69|0x0000000084500000, 0x0000000084600000, 0x0000000084600000|100%| S|CS|TAMS 0x0000000084500000| PB 0x0000000084500000| Complete 
|  70|0x0000000084600000, 0x0000000084700000, 0x0000000084700000|100%| S|CS|TAMS 0x0000000084600000| PB 0x0000000084600000| Complete 
|  71|0x0000000084700000, 0x0000000084800000, 0x0000000084800000|100%| S|CS|TAMS 0x0000000084700000| PB 0x0000000084700000| Complete 
|  72|0x0000000084800000, 0x0000000084800000, 0x0000000084900000|  0%| F|  |TAMS 0x0000000084800000| PB 0x0000000084800000| Untracked 
|  73|0x0000000084900000, 0x0000000084900000, 0x0000000084a00000|  0%| F|  |TAMS 0x0000000084900000| PB 0x0000000084900000| Untracked 
|  74|0x0000000084a00000, 0x0000000084a00000, 0x0000000084b00000|  0%| F|  |TAMS 0x0000000084a00000| PB 0x0000000084a00000| Untracked 
|  75|0x0000000084b00000, 0x0000000084b00000, 0x0000000084c00000|  0%| F|  |TAMS 0x0000000084b00000| PB 0x0000000084b00000| Untracked 
|  76|0x0000000084c00000, 0x0000000084c00000, 0x0000000084d00000|  0%| F|  |TAMS 0x0000000084c00000| PB 0x0000000084c00000| Untracked 
|  77|0x0000000084d00000, 0x0000000084d00000, 0x0000000084e00000|  0%| F|  |TAMS 0x0000000084d00000| PB 0x0000000084d00000| Untracked 
|  78|0x0000000084e00000, 0x0000000084e00000, 0x0000000084f00000|  0%| F|  |TAMS 0x0000000084e00000| PB 0x0000000084e00000| Untracked 
|  79|0x0000000084f00000, 0x0000000084f00000, 0x0000000085000000|  0%| F|  |TAMS 0x0000000084f00000| PB 0x0000000084f00000| Untracked 
|  80|0x0000000085000000, 0x0000000085000000, 0x0000000085100000|  0%| F|  |TAMS 0x0000000085000000| PB 0x0000000085000000| Untracked 
|  81|0x0000000085100000, 0x0000000085100000, 0x0000000085200000|  0%| F|  |TAMS 0x0000000085100000| PB 0x0000000085100000| Untracked 
|  82|0x0000000085200000, 0x0000000085200000, 0x0000000085300000|  0%| F|  |TAMS 0x0000000085200000| PB 0x0000000085200000| Untracked 
|  83|0x0000000085300000, 0x0000000085300000, 0x0000000085400000|  0%| F|  |TAMS 0x0000000085300000| PB 0x0000000085300000| Untracked 
|  84|0x0000000085400000, 0x0000000085400000, 0x0000000085500000|  0%| F|  |TAMS 0x0000000085400000| PB 0x0000000085400000| Untracked 
|  85|0x0000000085500000, 0x0000000085500000, 0x0000000085600000|  0%| F|  |TAMS 0x0000000085500000| PB 0x0000000085500000| Untracked 
|  86|0x0000000085600000, 0x0000000085600000, 0x0000000085700000|  0%| F|  |TAMS 0x0000000085600000| PB 0x0000000085600000| Untracked 
|  87|0x0000000085700000, 0x0000000085700000, 0x0000000085800000|  0%| F|  |TAMS 0x0000000085700000| PB 0x0000000085700000| Untracked 
|  88|0x0000000085800000, 0x0000000085800000, 0x0000000085900000|  0%| F|  |TAMS 0x0000000085800000| PB 0x0000000085800000| Untracked 
|  89|0x0000000085900000, 0x0000000085900000, 0x0000000085a00000|  0%| F|  |TAMS 0x0000000085900000| PB 0x0000000085900000| Untracked 
|  90|0x0000000085a00000, 0x0000000085a00000, 0x0000000085b00000|  0%| F|  |TAMS 0x0000000085a00000| PB 0x0000000085a00000| Untracked 
|  91|0x0000000085b00000, 0x0000000085b00000, 0x0000000085c00000|  0%| F|  |TAMS 0x0000000085b00000| PB 0x0000000085b00000| Untracked 
|  92|0x0000000085c00000, 0x0000000085c00000, 0x0000000085d00000|  0%| F|  |TAMS 0x0000000085c00000| PB 0x0000000085c00000| Untracked 
|  93|0x0000000085d00000, 0x0000000085d00000, 0x0000000085e00000|  0%| F|  |TAMS 0x0000000085d00000| PB 0x0000000085d00000| Untracked 
|  94|0x0000000085e00000, 0x0000000085e00000, 0x0000000085f00000|  0%| F|  |TAMS 0x0000000085e00000| PB 0x0000000085e00000| Untracked 
|  95|0x0000000085f00000, 0x0000000085f00000, 0x0000000086000000|  0%| F|  |TAMS 0x0000000085f00000| PB 0x0000000085f00000| Untracked 
|  96|0x0000000086000000, 0x0000000086000000, 0x0000000086100000|  0%| F|  |TAMS 0x0000000086000000| PB 0x0000000086000000| Untracked 
|  97|0x0000000086100000, 0x0000000086100000, 0x0000000086200000|  0%| F|  |TAMS 0x0000000086100000| PB 0x0000000086100000| Untracked 
|  98|0x0000000086200000, 0x0000000086300000, 0x0000000086300000|100%| E|  |TAMS 0x0000000086200000| PB 0x0000000086200000| Complete 
|  99|0x0000000086300000, 0x0000000086400000, 0x0000000086400000|100%| E|CS|TAMS 0x0000000086300000| PB 0x0000000086300000| Complete 
| 100|0x0000000086400000, 0x0000000086500000, 0x0000000086500000|100%| E|CS|TAMS 0x0000000086400000| PB 0x0000000086400000| Complete 
| 101|0x0000000086500000, 0x0000000086600000, 0x0000000086600000|100%| E|CS|TAMS 0x0000000086500000| PB 0x0000000086500000| Complete 
| 102|0x0000000086600000, 0x0000000086700000, 0x0000000086700000|100%| E|CS|TAMS 0x0000000086600000| PB 0x0000000086600000| Complete 
| 103|0x0000000086700000, 0x0000000086800000, 0x0000000086800000|100%| E|CS|TAMS 0x0000000086700000| PB 0x0000000086700000| Complete 
| 235|0x000000008eb00000, 0x000000008ec00000, 0x000000008ec00000|100%| E|CS|TAMS 0x000000008eb00000| PB 0x000000008eb00000| Complete 
| 236|0x000000008ec00000, 0x000000008ed00000, 0x000000008ed00000|100%| E|CS|TAMS 0x000000008ec00000| PB 0x000000008ec00000| Complete 
| 237|0x000000008ed00000, 0x000000008ee00000, 0x000000008ee00000|100%| E|CS|TAMS 0x000000008ed00000| PB 0x000000008ed00000| Complete 
| 238|0x000000008ee00000, 0x000000008ef00000, 0x000000008ef00000|100%| E|CS|TAMS 0x000000008ee00000| PB 0x000000008ee00000| Complete 
| 239|0x000000008ef00000, 0x000000008f000000, 0x000000008f000000|100%| E|CS|TAMS 0x000000008ef00000| PB 0x000000008ef00000| Complete 
| 240|0x000000008f000000, 0x000000008f100000, 0x000000008f100000|100%| E|CS|TAMS 0x000000008f000000| PB 0x000000008f000000| Complete 
| 241|0x000000008f100000, 0x000000008f200000, 0x000000008f200000|100%| E|CS|TAMS 0x000000008f100000| PB 0x000000008f100000| Complete 
| 242|0x000000008f200000, 0x000000008f300000, 0x000000008f300000|100%| E|CS|TAMS 0x000000008f200000| PB 0x000000008f200000| Complete 
| 243|0x000000008f300000, 0x000000008f400000, 0x000000008f400000|100%| E|CS|TAMS 0x000000008f300000| PB 0x000000008f300000| Complete 
| 245|0x000000008f500000, 0x000000008f600000, 0x000000008f600000|100%| E|CS|TAMS 0x000000008f500000| PB 0x000000008f500000| Complete 
|2038|0x00000000ff600000, 0x00000000ff700000, 0x00000000ff700000|100%| O|  |TAMS 0x00000000ff600000| PB 0x00000000ff600000| Untracked 
|2039|0x00000000ff700000, 0x00000000ff800000, 0x00000000ff800000|100%| O|  |TAMS 0x00000000ff700000| PB 0x00000000ff700000| Untracked 
|2040|0x00000000ff800000, 0x00000000ff900000, 0x00000000ff900000|100%| O|  |TAMS 0x00000000ff800000| PB 0x00000000ff800000| Untracked 
|2041|0x00000000ff900000, 0x00000000ffa00000, 0x00000000ffa00000|100%| O|  |TAMS 0x00000000ff900000| PB 0x00000000ff900000| Untracked 
|2042|0x00000000ffa00000, 0x00000000ffb00000, 0x00000000ffb00000|100%| E|CS|TAMS 0x00000000ffa00000| PB 0x00000000ffa00000| Complete 
|2043|0x00000000ffb00000, 0x00000000ffc00000, 0x00000000ffc00000|100%| O|  |TAMS 0x00000000ffb00000| PB 0x00000000ffb00000| Untracked 
|2044|0x00000000ffc00000, 0x00000000ffd00000, 0x00000000ffd00000|100%| O|  |TAMS 0x00000000ffc00000| PB 0x00000000ffc00000| Untracked 
|2045|0x00000000ffd00000, 0x00000000ffe00000, 0x00000000ffe00000|100%| E|CS|TAMS 0x00000000ffd00000| PB 0x00000000ffd00000| Complete 
|2046|0x00000000ffe00000, 0x00000000fff00000, 0x00000000fff00000|100%| O|  |TAMS 0x00000000ffe00000| PB 0x00000000ffe00000| Untracked 
|2047|0x00000000fff00000, 0x0000000100000000, 0x0000000100000000|100%| O|  |TAMS 0x00000000fff00000| PB 0x00000000fff00000| Untracked 

Card table byte_map: [0x000001825fb70000,0x000001825ff70000] _byte_map_base: 0x000001825f770000

Marking Bits: (CMBitMap*) 0x000001824d33d010
 Bits: [0x000001825ff70000, 0x0000018261f70000)

Polling page: 0x000001824b310000

Metaspace:

Usage:
  Non-class:     60.69 MB used.
      Class:     10.21 MB used.
       Both:     70.90 MB used.

Virtual space:
  Non-class space:       64.00 MB reserved,      61.62 MB ( 96%) committed,  1 nodes.
      Class space:        1.00 GB reserved,      11.12 MB (  1%) committed,  1 nodes.
             Both:        1.06 GB reserved,      72.75 MB (  7%) committed. 

Chunk freelists:
   Non-Class:  1.95 MB
       Class:  4.85 MB
        Both:  6.80 MB

MaxMetaspaceSize: unlimited
CompressedClassSpaceSize: 1.00 GB
Initial GC threshold: 21.00 MB
Current GC threshold: 105.12 MB
CDS: off
 - commit_granule_bytes: 65536.
 - commit_granule_words: 8192.
 - virtual_space_node_default_size: 8388608.
 - enlarge_chunks_in_place: 1.
 - use_allocation_guard: 0.


Internal statistics:

num_allocs_failed_limit: 6.
num_arena_births: 3658.
num_arena_deaths: 0.
num_vsnodes_births: 2.
num_vsnodes_deaths: 0.
num_space_committed: 1164.
num_space_uncommitted: 0.
num_chunks_returned_to_freelist: 6.
num_chunks_taken_from_freelist: 6806.
num_chunk_merges: 6.
num_chunk_splits: 4388.
num_chunks_enlarged: 2657.
num_inconsistent_stats: 0.

CodeHeap 'non-profiled nmethods': size=120000Kb used=3618Kb max_used=3618Kb free=116381Kb
 bounds [0x0000018257f10000, 0x00000182582a0000, 0x000001825f440000]
CodeHeap 'profiled nmethods': size=120000Kb used=11680Kb max_used=11680Kb free=108319Kb
 bounds [0x0000018250440000, 0x0000018250fb0000, 0x0000018257970000]
CodeHeap 'non-nmethods': size=5760Kb used=1896Kb max_used=1950Kb free=3863Kb
 bounds [0x0000018257970000, 0x0000018257be0000, 0x0000018257f10000]
CodeCache: size=245760Kb, used=17194Kb, max_used=17248Kb, free=228563Kb
 total_blobs=6911, nmethods=6126, adapters=689, full_count=0
Compilation: enabled, stopped_count=0, restarted_count=0

Compilation events (20 events):
Event: 10.378 Thread 0x0000018264b26650 nmethod 7173 0x0000018250f9d310 code [0x0000018250f9d520, 0x0000018250f9dab8]
Event: 10.378 Thread 0x0000018264b26650 7174       3       com.esotericsoftware.kryo.io.Input::readBoolean (32 bytes)
Event: 10.378 Thread 0x0000018264b26650 nmethod 7174 0x0000018250f9dd10 code [0x0000018250f9dec0, 0x0000018250f9e0a8]
Event: 10.378 Thread 0x0000018264b26650 7175       3       org.gradle.api.internal.artifacts.DefaultImmutableModuleIdentifierFactory::module (74 bytes)
Event: 10.378 Thread 0x0000018264b26650 nmethod 7175 0x0000018250f9e190 code [0x0000018250f9e3e0, 0x0000018250f9ee18]
Event: 10.378 Thread 0x0000018264b26650 7177       3       org.gradle.api.internal.artifacts.ivyservice.moduleconverter.dependencies.DefaultExcludeRuleConverter::createExcludeRule (7 bytes)
Event: 10.378 Thread 0x0000018264b26650 nmethod 7177 0x0000018250f9f110 code [0x0000018250f9f2c0, 0x0000018250f9f418]
Event: 10.379 Thread 0x0000018264b26650 7176       1       com.google.common.collect.RegularImmutableList::isPartialView (2 bytes)
Event: 10.379 Thread 0x0000018264b26650 nmethod 7176 0x0000018258297290 code [0x0000018258297420, 0x00000182582974e8]
Event: 10.379 Thread 0x0000018264b26650 7178       1       org.gradle.internal.component.external.model.DefaultModuleComponentSelector::getVersionConstraint (5 bytes)
Event: 10.379 Thread 0x0000018264b26650 nmethod 7178 0x0000018258297590 code [0x0000018258297720, 0x00000182582977e8]
Event: 10.379 Thread 0x0000018264b26650 7179       3       com.google.common.collect.ImmutableSet::copyOf (90 bytes)
Event: 10.379 Thread 0x0000018264b26650 nmethod 7179 0x0000018250f9f510 code [0x0000018250f9f7e0, 0x0000018250fa0860]
Event: 10.379 Thread 0x0000018264b26650 7182       3       org.gradle.internal.component.external.descriptor.DefaultExclude::<init> (27 bytes)
Event: 10.380 Thread 0x0000018264b26650 nmethod 7182 0x0000018250fa0c10 code [0x0000018250fa0dc0, 0x0000018250fa10a8]
Event: 10.380 Thread 0x0000018264b26650 7185       3       org.gradle.api.internal.artifacts.ivyservice.moduleconverter.dependencies.DefaultExcludeRuleConverter::createExcludeRule (39 bytes)
Event: 10.380 Thread 0x0000018264b26650 nmethod 7185 0x0000018250fa1190 code [0x0000018250fa13c0, 0x0000018250fa1b88]
Event: 10.380 Thread 0x0000018264b26650 7180       3       org.gradle.api.internal.artifacts.ivyservice.modulecache.StringDeduplicatingDecoder::readNullableString (30 bytes)
Event: 10.380 Thread 0x0000018264b26650 nmethod 7180 0x0000018250fa1e10 code [0x0000018250fa1fe0, 0x0000018250fa2388]
Event: 10.380 Thread 0x0000018264b26650 7181       1       org.gradle.internal.component.external.model.DefaultModuleComponentSelector::getAttributes (5 bytes)

GC Heap History (20 events):
Event: 5.759 GC heap before
{Heap before GC invocations=10 (full 0):
 garbage-first heap   total 80896K, used 78141K [0x0000000080000000, 0x0000000100000000)
  region size 1024K, 33 young (33792K), 5 survivors (5120K)
 Metaspace       used 42221K, committed 43264K, reserved 1114112K
  class space    used 5819K, committed 6336K, reserved 1048576K
}
Event: 5.764 GC heap after
{Heap after GC invocations=11 (full 0):
 garbage-first heap   total 91136K, used 55052K [0x0000000080000000, 0x0000000100000000)
  region size 1024K, 5 young (5120K), 5 survivors (5120K)
 Metaspace       used 42221K, committed 43264K, reserved 1114112K
  class space    used 5819K, committed 6336K, reserved 1048576K
}
Event: 6.097 GC heap before
{Heap before GC invocations=11 (full 0):
 garbage-first heap   total 91136K, used 78604K [0x0000000080000000, 0x0000000100000000)
  region size 1024K, 28 young (28672K), 5 survivors (5120K)
 Metaspace       used 44926K, committed 46144K, reserved 1114112K
  class space    used 6289K, committed 6848K, reserved 1048576K
}
Event: 6.101 GC heap after
{Heap after GC invocations=12 (full 0):
 garbage-first heap   total 91136K, used 56868K [0x0000000080000000, 0x0000000100000000)
  region size 1024K, 2 young (2048K), 2 survivors (2048K)
 Metaspace       used 44926K, committed 46144K, reserved 1114112K
  class space    used 6289K, committed 6848K, reserved 1048576K
}
Event: 6.506 GC heap before
{Heap before GC invocations=13 (full 0):
 garbage-first heap   total 97280K, used 79396K [0x0000000080000000, 0x0000000100000000)
  region size 1024K, 25 young (25600K), 2 survivors (2048K)
 Metaspace       used 48623K, committed 49920K, reserved 1114112K
  class space    used 6791K, committed 7424K, reserved 1048576K
}
Event: 6.509 GC heap after
{Heap after GC invocations=14 (full 0):
 garbage-first heap   total 116736K, used 58748K [0x0000000080000000, 0x0000000100000000)
  region size 1024K, 4 young (4096K), 4 survivors (4096K)
 Metaspace       used 48623K, committed 49920K, reserved 1114112K
  class space    used 6791K, committed 7424K, reserved 1048576K
}
Event: 7.297 GC heap before
{Heap before GC invocations=14 (full 0):
 garbage-first heap   total 116736K, used 101756K [0x0000000080000000, 0x0000000100000000)
  region size 1024K, 47 young (48128K), 4 survivors (4096K)
 Metaspace       used 54362K, committed 55872K, reserved 1114112K
  class space    used 7634K, committed 8384K, reserved 1048576K
}
Event: 7.302 GC heap after
{Heap after GC invocations=15 (full 0):
 garbage-first heap   total 116736K, used 62074K [0x0000000080000000, 0x0000000100000000)
  region size 1024K, 6 young (6144K), 6 survivors (6144K)
 Metaspace       used 54362K, committed 55872K, reserved 1114112K
  class space    used 7634K, committed 8384K, reserved 1048576K
}
Event: 7.774 GC heap before
{Heap before GC invocations=15 (full 0):
 garbage-first heap   total 116736K, used 86650K [0x0000000080000000, 0x0000000100000000)
  region size 1024K, 32 young (32768K), 6 survivors (6144K)
 Metaspace       used 57085K, committed 58624K, reserved 1114112K
  class space    used 8116K, committed 8832K, reserved 1048576K
}
Event: 7.780 GC heap after
{Heap after GC invocations=16 (full 0):
 garbage-first heap   total 116736K, used 64919K [0x0000000080000000, 0x0000000100000000)
  region size 1024K, 3 young (3072K), 3 survivors (3072K)
 Metaspace       used 57085K, committed 58624K, reserved 1114112K
  class space    used 8116K, committed 8832K, reserved 1048576K
}
Event: 8.269 GC heap before
{Heap before GC invocations=17 (full 0):
 garbage-first heap   total 116736K, used 105879K [0x0000000080000000, 0x0000000100000000)
  region size 1024K, 42 young (43008K), 3 survivors (3072K)
 Metaspace       used 58591K, committed 60288K, reserved 1114112K
  class space    used 8307K, committed 9088K, reserved 1048576K
}
Event: 8.273 GC heap after
{Heap after GC invocations=18 (full 0):
 garbage-first heap   total 116736K, used 71859K [0x0000000080000000, 0x0000000100000000)
  region size 1024K, 6 young (6144K), 6 survivors (6144K)
 Metaspace       used 58591K, committed 60288K, reserved 1114112K
  class space    used 8307K, committed 9088K, reserved 1048576K
}
Event: 8.379 GC heap before
{Heap before GC invocations=18 (full 0):
 garbage-first heap   total 116736K, used 105651K [0x0000000080000000, 0x0000000100000000)
  region size 1024K, 39 young (39936K), 6 survivors (6144K)
 Metaspace       used 58990K, committed 60672K, reserved 1114112K
  class space    used 8365K, committed 9152K, reserved 1048576K
}
Event: 8.383 GC heap after
{Heap after GC invocations=19 (full 0):
 garbage-first heap   total 116736K, used 72743K [0x0000000080000000, 0x0000000100000000)
  region size 1024K, 1 young (1024K), 1 survivors (1024K)
 Metaspace       used 58990K, committed 60672K, reserved 1114112K
  class space    used 8365K, committed 9152K, reserved 1048576K
}
Event: 8.981 GC heap before
{Heap before GC invocations=19 (full 0):
 garbage-first heap   total 116736K, used 106535K [0x0000000080000000, 0x0000000100000000)
  region size 1024K, 34 young (34816K), 1 survivors (1024K)
 Metaspace       used 62490K, committed 64320K, reserved 1114112K
  class space    used 8913K, committed 9792K, reserved 1048576K
}
Event: 8.984 GC heap after
{Heap after GC invocations=20 (full 0):
 garbage-first heap   total 116736K, used 74077K [0x0000000080000000, 0x0000000100000000)
  region size 1024K, 3 young (3072K), 3 survivors (3072K)
 Metaspace       used 62490K, committed 64320K, reserved 1114112K
  class space    used 8913K, committed 9792K, reserved 1048576K
}
Event: 9.504 GC heap before
{Heap before GC invocations=21 (full 0):
 garbage-first heap   total 126976K, used 106845K [0x0000000080000000, 0x0000000100000000)
  region size 1024K, 35 young (35840K), 3 survivors (3072K)
 Metaspace       used 67026K, committed 68800K, reserved 1114112K
  class space    used 9585K, committed 10432K, reserved 1048576K
}
Event: 9.507 GC heap after
{Heap after GC invocations=22 (full 0):
 garbage-first heap   total 126976K, used 75677K [0x0000000080000000, 0x0000000100000000)
  region size 1024K, 4 young (4096K), 4 survivors (4096K)
 Metaspace       used 67026K, committed 68800K, reserved 1114112K
  class space    used 9585K, committed 10432K, reserved 1048576K
}
Event: 10.010 GC heap before
{Heap before GC invocations=22 (full 0):
 garbage-first heap   total 126976K, used 115613K [0x0000000080000000, 0x0000000100000000)
  region size 1024K, 43 young (44032K), 4 survivors (4096K)
 Metaspace       used 71244K, committed 73152K, reserved 1114112K
  class space    used 10221K, committed 11136K, reserved 1048576K
}
Event: 10.016 GC heap after
{Heap after GC invocations=23 (full 0):
 garbage-first heap   total 126976K, used 77381K [0x0000000080000000, 0x0000000100000000)
  region size 1024K, 4 young (4096K), 4 survivors (4096K)
 Metaspace       used 71244K, committed 73152K, reserved 1114112K
  class space    used 10221K, committed 11136K, reserved 1048576K
}

Dll operation events (3 events):
Event: 0.011 Loaded shared library C:\Users\USUARIO\Documents\Universidad\Semestre 9\Desarrollo de apps moviles\Android s\jbr\bin\java.dll
Event: 0.022 Loaded shared library C:\Users\USUARIO\Documents\Universidad\Semestre 9\Desarrollo de apps moviles\Android s\jbr\bin\zip.dll
Event: 0.798 Loaded shared library C:\Users\USUARIO\Documents\Universidad\Semestre 9\Desarrollo de apps moviles\Android s\jbr\bin\verify.dll

Deoptimization events (20 events):
Event: 10.087 Thread 0x000001826ba42840 Uncommon trap: trap_request=0xffffff45 fr.pc=0x0000018257fe89f0 relative=0x0000000000000830
Event: 10.087 Thread 0x000001826ba42840 Uncommon trap: reason=unstable_if action=reinterpret pc=0x0000018257fe89f0 method=java.util.HashMap.putVal(ILjava/lang/Object;Ljava/lang/Object;ZZ)Ljava/lang/Object; @ 85 c2
Event: 10.087 Thread 0x000001826ba42840 DEOPT PACKING pc=0x0000018257fe89f0 sp=0x00000065b03f7170
Event: 10.087 Thread 0x000001826ba42840 DEOPT UNPACKING pc=0x00000182579c43a2 sp=0x00000065b03f70a0 mode 2
Event: 10.094 Thread 0x000001826ba42840 Uncommon trap: trap_request=0xffffff45 fr.pc=0x00000182580d30d4 relative=0x00000000000003d4
Event: 10.094 Thread 0x000001826ba42840 Uncommon trap: reason=unstable_if action=reinterpret pc=0x00000182580d30d4 method=org.gradle.internal.reflect.PropertyAccessorType.isGetGetterName(Ljava/lang/String;)Z @ 14 c2
Event: 10.094 Thread 0x000001826ba42840 DEOPT PACKING pc=0x00000182580d30d4 sp=0x00000065b03f7360
Event: 10.094 Thread 0x000001826ba42840 DEOPT UNPACKING pc=0x00000182579c43a2 sp=0x00000065b03f72b8 mode 2
Event: 10.107 Thread 0x000001826ba42840 Uncommon trap: trap_request=0xffffffde fr.pc=0x00000182580dff20 relative=0x0000000000000160
Event: 10.107 Thread 0x000001826ba42840 Uncommon trap: reason=class_check action=maybe_recompile pc=0x00000182580dff20 method=java.util.stream.StreamOpFlag.fromCharacteristics(Ljava/util/Spliterator;)I @ 14 c2
Event: 10.107 Thread 0x000001826ba42840 DEOPT PACKING pc=0x00000182580dff20 sp=0x00000065b03f8130
Event: 10.107 Thread 0x000001826ba42840 DEOPT UNPACKING pc=0x00000182579c43a2 sp=0x00000065b03f8070 mode 2
Event: 10.312 Thread 0x000001826ba42840 Uncommon trap: trap_request=0xffffffc6 fr.pc=0x0000018257f2ccdc relative=0x00000000000002fc
Event: 10.312 Thread 0x000001826ba42840 Uncommon trap: reason=bimorphic_or_optimized_type_check action=maybe_recompile pc=0x0000018257f2ccdc method=com.google.common.base.CharMatcher.indexIn(Ljava/lang/CharSequence;I)I @ 31 c2
Event: 10.312 Thread 0x000001826ba42840 DEOPT PACKING pc=0x0000018257f2ccdc sp=0x00000065b03f7b20
Event: 10.312 Thread 0x000001826ba42840 DEOPT UNPACKING pc=0x00000182579c43a2 sp=0x00000065b03f7ac8 mode 2
Event: 10.315 Thread 0x000001826ba42840 Uncommon trap: trap_request=0xffffffc6 fr.pc=0x0000018257f2ccdc relative=0x00000000000002fc
Event: 10.315 Thread 0x000001826ba42840 Uncommon trap: reason=bimorphic_or_optimized_type_check action=maybe_recompile pc=0x0000018257f2ccdc method=com.google.common.base.CharMatcher.indexIn(Ljava/lang/CharSequence;I)I @ 31 c2
Event: 10.315 Thread 0x000001826ba42840 DEOPT PACKING pc=0x0000018257f2ccdc sp=0x00000065b03f7b20
Event: 10.315 Thread 0x000001826ba42840 DEOPT UNPACKING pc=0x00000182579c43a2 sp=0x00000065b03f7ac8 mode 2

Classes loaded (20 events):
Event: 9.896 Loading class java/util/IdentityHashMap$EntryIterator
Event: 9.896 Loading class java/util/IdentityHashMap$IdentityHashMapIterator
Event: 9.896 Loading class java/util/IdentityHashMap$IdentityHashMapIterator done
Event: 9.896 Loading class java/util/IdentityHashMap$EntryIterator done
Event: 9.896 Loading class java/util/IdentityHashMap$EntryIterator$Entry
Event: 9.896 Loading class java/util/IdentityHashMap$EntryIterator$Entry done
Event: 9.949 Loading class java/lang/invoke/SerializedLambda$1
Event: 9.949 Loading class java/lang/invoke/SerializedLambda$1 done
Event: 9.969 Loading class org/xml/sax/Locator
Event: 9.969 Loading class org/xml/sax/Locator done
Event: 9.969 Loading class org/xml/sax/SAXParseException
Event: 9.969 Loading class org/xml/sax/SAXParseException done
Event: 9.971 Loading class org/xml/sax/Attributes
Event: 9.971 Loading class org/xml/sax/Attributes done
Event: 10.087 Loading class java/util/function/LongUnaryOperator
Event: 10.087 Loading class java/util/function/LongUnaryOperator done
Event: 10.107 Loading class java/util/TreeMap$KeySpliterator
Event: 10.107 Loading class java/util/TreeMap$TreeMapSpliterator
Event: 10.107 Loading class java/util/TreeMap$TreeMapSpliterator done
Event: 10.107 Loading class java/util/TreeMap$KeySpliterator done

Classes unloaded (0 events):
No events

Classes redefined (0 events):
No events

Internal exceptions (20 events):
Event: 10.213 Thread 0x000001826ba42840 Exception <a 'sun/nio/fs/WindowsException'{0x000000008ed93b08}> (0x000000008ed93b08) 
thrown [s\src\hotspot\share\prims\jni.cpp, line 537]
Event: 10.215 Thread 0x000001826ba42840 Exception <a 'sun/nio/fs/WindowsException'{0x000000008eda37a0}> (0x000000008eda37a0) 
thrown [s\src\hotspot\share\prims\jni.cpp, line 537]
Event: 10.220 Thread 0x000001826ba42840 Exception <a 'sun/nio/fs/WindowsException'{0x000000008eddb6d0}> (0x000000008eddb6d0) 
thrown [s\src\hotspot\share\prims\jni.cpp, line 537]
Event: 10.225 Thread 0x000001826ba42840 Exception <a 'sun/nio/fs/WindowsException'{0x000000008ec07d88}> (0x000000008ec07d88) 
thrown [s\src\hotspot\share\prims\jni.cpp, line 537]
Event: 10.225 Thread 0x000001826ba42840 Exception <a 'sun/nio/fs/WindowsException'{0x000000008ec0b400}> (0x000000008ec0b400) 
thrown [s\src\hotspot\share\prims\jni.cpp, line 537]
Event: 10.280 Thread 0x000001826ba42840 Exception <a 'java/lang/NoSuchMethodError'{0x00000000867b3290}: static Lorg/gradle/api/internal/catalog/DefaultVersionCatalog;.<clinit>()V> (0x00000000867b3290) 
thrown [s\src\hotspot\share\prims\jni.cpp, line 1144]
Event: 10.285 Thread 0x000001826ba42840 Exception <a 'java/lang/NoSuchMethodError'{0x00000000867edbb8}: static [Ljava/lang/Object;.<clinit>()V> (0x00000000867edbb8) 
thrown [s\src\hotspot\share\prims\jni.cpp, line 1144]
Event: 10.288 Thread 0x000001826ba42840 Exception <a 'java/lang/NoSuchMethodError'{0x0000000086618a30}: static Lorg/gradle/api/internal/catalog/DependencyModel;.<clinit>()V> (0x0000000086618a30) 
thrown [s\src\hotspot\share\prims\jni.cpp, line 1144]
Event: 10.288 Thread 0x000001826ba42840 Exception <a 'java/lang/NoSuchMethodError'{0x000000008661caa8}: static Lorg/gradle/api/internal/catalog/AbstractContextAwareModel;.<clinit>()V> (0x000000008661caa8) 
thrown [s\src\hotspot\share\prims\jni.cpp, line 1144]
Event: 10.290 Thread 0x000001826ba42840 Exception <a 'java/lang/NoSuchMethodError'{0x00000000866383d0}: static Lorg/gradle/api/internal/artifacts/dependencies/AbstractVersionConstraint;.<clinit>()V> (0x00000000866383d0) 
thrown [s\src\hotspot\share\prims\jni.cpp, line 1144]
Event: 10.297 Thread 0x000001826ba42840 Exception <a 'java/lang/NoSuchMethodError'{0x000000008668c070}: static Lorg/gradle/api/internal/catalog/PluginModel;.<clinit>()V> (0x000000008668c070) 
thrown [s\src\hotspot\share\prims\jni.cpp, line 1144]
Event: 10.299 Thread 0x000001826ba42840 Exception <a 'java/lang/NoSuchMethodError'{0x00000000866a5e08}: static Lorg/gradle/api/internal/catalog/VersionModel;.<clinit>()V> (0x00000000866a5e08) 
thrown [s\src\hotspot\share\prims\jni.cpp, line 1144]
Event: 10.321 Thread 0x000001826ba42840 Exception <a 'sun/nio/fs/WindowsException'{0x000000008656d658}> (0x000000008656d658) 
thrown [s\src\hotspot\share\prims\jni.cpp, line 537]
Event: 10.328 Thread 0x000001826ba42840 Exception <a 'sun/nio/fs/WindowsException'{0x0000000086583e90}> (0x0000000086583e90) 
thrown [s\src\hotspot\share\prims\jni.cpp, line 537]
Event: 10.335 Thread 0x000001826ba42840 Exception <a 'sun/nio/fs/WindowsException'{0x000000008659ef08}> (0x000000008659ef08) 
thrown [s\src\hotspot\share\prims\jni.cpp, line 537]
Event: 10.340 Thread 0x000001826ba42840 Exception <a 'sun/nio/fs/WindowsException'{0x00000000865b3388}> (0x00000000865b3388) 
thrown [s\src\hotspot\share\prims\jni.cpp, line 537]
Event: 10.346 Thread 0x000001826ba42840 Exception <a 'sun/nio/fs/WindowsException'{0x00000000865ce678}> (0x00000000865ce678) 
thrown [s\src\hotspot\share\prims\jni.cpp, line 537]
Event: 10.350 Thread 0x000001826ba42840 Exception <a 'sun/nio/fs/WindowsException'{0x00000000865e2aa0}> (0x00000000865e2aa0) 
thrown [s\src\hotspot\share\prims\jni.cpp, line 537]
Event: 10.361 Thread 0x000001826ba42840 Exception <a 'sun/nio/fs/WindowsException'{0x000000008642f3c0}> (0x000000008642f3c0) 
thrown [s\src\hotspot\share\prims\jni.cpp, line 537]
Event: 10.370 Thread 0x000001826ba42840 Exception <a 'sun/nio/fs/WindowsException'{0x0000000086482fd8}> (0x0000000086482fd8) 
thrown [s\src\hotspot\share\prims\jni.cpp, line 537]

ZGC Phase Switch (0 events):
No events

VM Operations (20 events):
Event: 8.643 Executing VM operation: HandshakeAllThreads (Deoptimize)
Event: 8.643 Executing VM operation: HandshakeAllThreads (Deoptimize) done
Event: 8.660 Executing VM operation: HandshakeAllThreads (Deoptimize)
Event: 8.660 Executing VM operation: HandshakeAllThreads (Deoptimize) done
Event: 8.836 Executing VM operation: ICBufferFull
Event: 8.837 Executing VM operation: ICBufferFull done
Event: 8.981 Executing VM operation: G1CollectForAllocation (G1 Evacuation Pause)
Event: 8.984 Executing VM operation: G1CollectForAllocation (G1 Evacuation Pause) done
Event: 9.020 Executing VM operation: G1PauseRemark
Event: 9.024 Executing VM operation: G1PauseRemark done
Event: 9.035 Executing VM operation: G1PauseCleanup
Event: 9.035 Executing VM operation: G1PauseCleanup done
Event: 9.504 Executing VM operation: G1CollectForAllocation (G1 Evacuation Pause)
Event: 9.507 Executing VM operation: G1CollectForAllocation (G1 Evacuation Pause) done
Event: 9.679 Executing VM operation: ICBufferFull
Event: 9.679 Executing VM operation: ICBufferFull done
Event: 9.831 Executing VM operation: HandshakeAllThreads (Deoptimize)
Event: 9.831 Executing VM operation: HandshakeAllThreads (Deoptimize) done
Event: 10.010 Executing VM operation: G1CollectForAllocation (G1 Evacuation Pause)
Event: 10.016 Executing VM operation: G1CollectForAllocation (G1 Evacuation Pause) done

Memory protections (0 events):
No events

Nmethod flushes (20 events):
Event: 9.023 Thread 0x00000182649eacf0 flushing  nmethod 0x00000182506b5310
Event: 9.023 Thread 0x00000182649eacf0 flushing  nmethod 0x000001825079c310
Event: 9.023 Thread 0x00000182649eacf0 flushing  nmethod 0x00000182507be390
Event: 9.023 Thread 0x00000182649eacf0 flushing  nmethod 0x00000182507fc090
Event: 9.023 Thread 0x00000182649eacf0 flushing  nmethod 0x0000018250901010
Event: 9.023 Thread 0x00000182649eacf0 flushing  nmethod 0x000001825096ca10
Event: 9.023 Thread 0x00000182649eacf0 flushing  nmethod 0x00000182509c9f90
Event: 9.023 Thread 0x00000182649eacf0 flushing  nmethod 0x00000182509ca390
Event: 9.023 Thread 0x00000182649eacf0 flushing  nmethod 0x00000182509cac90
Event: 9.023 Thread 0x00000182649eacf0 flushing  nmethod 0x00000182509cb210
Event: 9.023 Thread 0x00000182649eacf0 flushing  nmethod 0x00000182509cbc10
Event: 9.023 Thread 0x00000182649eacf0 flushing  nmethod 0x0000018250a2d010
Event: 9.023 Thread 0x00000182649eacf0 flushing  nmethod 0x0000018250a71f90
Event: 9.023 Thread 0x00000182649eacf0 flushing  nmethod 0x0000018250aba290
Event: 9.023 Thread 0x00000182649eacf0 flushing  nmethod 0x0000018250aba690
Event: 9.023 Thread 0x00000182649eacf0 flushing  nmethod 0x0000018250abb690
Event: 9.023 Thread 0x00000182649eacf0 flushing  nmethod 0x0000018250abc310
Event: 9.023 Thread 0x00000182649eacf0 flushing  nmethod 0x0000018250abd190
Event: 9.023 Thread 0x00000182649eacf0 flushing  nmethod 0x0000018250bab590
Event: 9.023 Thread 0x00000182649eacf0 flushing  nmethod 0x0000018250c06f10

Events (20 events):
Event: 7.625 Thread 0x000001826ba42840 Thread added: 0x000001826d6c5b50
Event: 7.873 Thread 0x000001826ba42840 Thread added: 0x000001826d6c4110
Event: 7.875 Thread 0x000001826ba42840 Thread added: 0x000001826d6c47a0
Event: 7.878 Thread 0x000001826ba42840 Thread added: 0x000001826d6c4e30
Event: 7.881 Thread 0x000001826ba42840 Thread added: 0x000001826d6c19b0
Event: 7.886 Thread 0x000001826ba42840 Thread added: 0x000001826d6c6870
Event: 7.889 Thread 0x000001826ba42840 Thread added: 0x000001826d6c54c0
Event: 7.891 Thread 0x000001826ba42840 Thread added: 0x000001826d6c7590
Event: 7.920 Thread 0x000001826ba42840 Thread added: 0x000001826d6c7c20
Event: 7.922 Thread 0x000001826ba42840 Thread added: 0x000001826ff0fca0
Event: 7.925 Thread 0x000001826ba42840 Thread added: 0x000001826ff109c0
Event: 7.927 Thread 0x000001826ba42840 Thread added: 0x000001826ff10330
Event: 7.929 Thread 0x000001826ba42840 Thread added: 0x000001826ff11050
Event: 7.932 Thread 0x000001826ba42840 Thread added: 0x000001826ff0e260
Event: 7.944 Thread 0x000001826ba42840 Thread added: 0x000001826ff0e8f0
Event: 8.214 Thread 0x000001826bfc01d0 Thread exited: 0x000001826bfc01d0
Event: 8.764 Thread 0x000001826ba42840 Thread added: 0x000001826ff0f610
Event: 8.778 Thread 0x000001826ba42840 Thread added: 0x000001826ff0dbd0
Event: 8.790 Thread 0x000001826ba42840 Thread added: 0x000001826ff137b0
Event: 10.317 Thread 0x0000018264b26650 Thread added: 0x000001826cf2ce50


Dynamic libraries:
0x00007ff71c5f0000 - 0x00007ff71c5fa000 	C:\Users\USUARIO\Documents\Universidad\Semestre 9\Desarrollo de apps moviles\Android s\jbr\bin\java.exe
0x00007ffeadc20000 - 0x00007ffeade87000 	C:\WINDOWS\SYSTEM32\ntdll.dll
0x00007ffe83510000 - 0x00007ffe83530000 	C:\Program Files\Avast Software\Avast\aswhook.dll
0x00007ffeacb60000 - 0x00007ffeacc29000 	C:\WINDOWS\System32\KERNEL32.DLL
0x00007ffeaa500000 - 0x00007ffeaa8f1000 	C:\WINDOWS\System32\KERNELBASE.dll
0x00007ffeaaa40000 - 0x00007ffeaab8b000 	C:\WINDOWS\System32\ucrtbase.dll
0x00007ffea5990000 - 0x00007ffea59a8000 	C:\Users\USUARIO\Documents\Universidad\Semestre 9\Desarrollo de apps moviles\Android s\jbr\bin\jli.dll
0x00007ffe9c100000 - 0x00007ffe9c11b000 	C:\Users\USUARIO\Documents\Universidad\Semestre 9\Desarrollo de apps moviles\Android s\jbr\bin\VCRUNTIME140.dll
0x00007ffead8a0000 - 0x00007ffeada65000 	C:\WINDOWS\System32\USER32.dll
0x00007ffe961c0000 - 0x00007ffe96453000 	C:\WINDOWS\WinSxS\amd64_microsoft.windows.common-controls_6595b64144ccf1df_6.0.26100.8037_none_3e092faae333b53b\COMCTL32.dll
0x00007ffeab120000 - 0x00007ffeab147000 	C:\WINDOWS\System32\win32u.dll
0x00007ffeabc30000 - 0x00007ffeabcd9000 	C:\WINDOWS\System32\msvcrt.dll
0x00007ffeabce0000 - 0x00007ffeabd0b000 	C:\WINDOWS\System32\GDI32.dll
0x00007ffeaac50000 - 0x00007ffeaad7b000 	C:\WINDOWS\System32\gdi32full.dll
0x00007ffeaa900000 - 0x00007ffeaa9a3000 	C:\WINDOWS\System32\msvcp_win.dll
0x00007ffeac160000 - 0x00007ffeac191000 	C:\WINDOWS\System32\IMM32.DLL
0x00007ffea7560000 - 0x00007ffea756c000 	C:\Users\USUARIO\Documents\Universidad\Semestre 9\Desarrollo de apps moviles\Android s\jbr\bin\vcruntime140_1.dll
0x00007ffe67480000 - 0x00007ffe6750d000 	C:\Users\USUARIO\Documents\Universidad\Semestre 9\Desarrollo de apps moviles\Android s\jbr\bin\msvcp140.dll
0x00007ffddab10000 - 0x00007ffddb7a6000 	C:\Users\USUARIO\Documents\Universidad\Semestre 9\Desarrollo de apps moviles\Android s\jbr\bin\server\jvm.dll
0x00007ffeac1b0000 - 0x00007ffeac26b000 	C:\WINDOWS\System32\ADVAPI32.dll
0x00007ffeaccf0000 - 0x00007ffeacd97000 	C:\WINDOWS\System32\sechost.dll
0x00007ffeadac0000 - 0x00007ffeadbd8000 	C:\WINDOWS\System32\RPCRT4.dll
0x00007ffeac380000 - 0x00007ffeac3f4000 	C:\WINDOWS\System32\WS2_32.dll
0x00007ffeaa360000 - 0x00007ffeaa3be000 	C:\WINDOWS\SYSTEM32\POWRPROF.dll
0x00007ffe9d840000 - 0x00007ffe9d84b000 	C:\WINDOWS\SYSTEM32\VERSION.dll
0x00007ffe9fc60000 - 0x00007ffe9fc95000 	C:\WINDOWS\SYSTEM32\WINMM.dll
0x00007ffeaa340000 - 0x00007ffeaa354000 	C:\WINDOWS\SYSTEM32\UMPDC.dll
0x00007ffea9250000 - 0x00007ffea926b000 	C:\WINDOWS\SYSTEM32\kernel.appcore.dll
0x00007ffe9af00000 - 0x00007ffe9af0a000 	C:\Users\USUARIO\Documents\Universidad\Semestre 9\Desarrollo de apps moviles\Android s\jbr\bin\jimage.dll
0x00007ffea84f0000 - 0x00007ffea8732000 	C:\WINDOWS\SYSTEM32\DBGHELP.DLL
0x00007ffeabdd0000 - 0x00007ffeac152000 	C:\WINDOWS\System32\combase.dll
0x00007ffeab9c0000 - 0x00007ffeaba97000 	C:\WINDOWS\System32\OLEAUT32.dll
0x00007ffe9d350000 - 0x00007ffe9d38b000 	C:\WINDOWS\SYSTEM32\dbgcore.DLL
0x00007ffeaaef0000 - 0x00007ffeaaf95000 	C:\WINDOWS\System32\bcryptPrimitives.dll
0x00007ffe9afb0000 - 0x00007ffe9afbe000 	C:\Users\USUARIO\Documents\Universidad\Semestre 9\Desarrollo de apps moviles\Android s\jbr\bin\instrument.dll
0x00007ffe9ad80000 - 0x00007ffe9ada0000 	C:\Users\USUARIO\Documents\Universidad\Semestre 9\Desarrollo de apps moviles\Android s\jbr\bin\java.dll
0x00007ffe882a0000 - 0x00007ffe882b8000 	C:\Users\USUARIO\Documents\Universidad\Semestre 9\Desarrollo de apps moviles\Android s\jbr\bin\zip.dll
0x00007ffead130000 - 0x00007ffead88f000 	C:\WINDOWS\System32\SHELL32.dll
0x00007ffeaad80000 - 0x00007ffeaaeea000 	C:\WINDOWS\System32\wintypes.dll
0x00007ffeab150000 - 0x00007ffeab9b4000 	C:\WINDOWS\System32\windows.storage.dll
0x00007ffeac280000 - 0x00007ffeac377000 	C:\WINDOWS\System32\SHCORE.dll
0x00007ffeacf00000 - 0x00007ffeacf67000 	C:\WINDOWS\System32\shlwapi.dll
0x00007ffeaa420000 - 0x00007ffeaa449000 	C:\WINDOWS\SYSTEM32\profapi.dll
0x00007ffe982c0000 - 0x00007ffe982d0000 	C:\Users\USUARIO\Documents\Universidad\Semestre 9\Desarrollo de apps moviles\Android s\jbr\bin\net.dll
0x00007ffea5110000 - 0x00007ffea5237000 	C:\WINDOWS\SYSTEM32\WINHTTP.dll
0x00007ffea97a0000 - 0x00007ffea980b000 	C:\WINDOWS\system32\mswsock.dll
0x00007ffe784b0000 - 0x00007ffe784c6000 	C:\Users\USUARIO\Documents\Universidad\Semestre 9\Desarrollo de apps moviles\Android s\jbr\bin\nio.dll
0x00007ffe83060000 - 0x00007ffe83070000 	C:\Users\USUARIO\Documents\Universidad\Semestre 9\Desarrollo de apps moviles\Android s\jbr\bin\verify.dll
0x00007ffe66e90000 - 0x00007ffe66eb7000 	C:\Users\USUARIO\.gradle\native\660c5614fbf4a5f2a75b1949f50a0caf5cd603558e7d8a26e50b933a0cfb79d1\windows-amd64\native-platform.dll
0x00007ffe47bd0000 - 0x00007ffe47c47000 	C:\Users\USUARIO\.gradle\native\0.2.8\x86_64-windows-gnu\gradle-fileevents.dll
0x00007ffe95060000 - 0x00007ffe95069000 	C:\Users\USUARIO\Documents\Universidad\Semestre 9\Desarrollo de apps moviles\Android s\jbr\bin\management.dll
0x00007ffe93b80000 - 0x00007ffe93b8b000 	C:\Users\USUARIO\Documents\Universidad\Semestre 9\Desarrollo de apps moviles\Android s\jbr\bin\management_ext.dll
0x00007ffeabc20000 - 0x00007ffeabc28000 	C:\WINDOWS\System32\PSAPI.DLL
0x00007ffea8c40000 - 0x00007ffea8c73000 	C:\WINDOWS\SYSTEM32\IPHLPAPI.DLL
0x00007ffeac270000 - 0x00007ffeac27a000 	C:\WINDOWS\System32\NSI.dll
0x00007ffe953c0000 - 0x00007ffe953c9000 	C:\Users\USUARIO\Documents\Universidad\Semestre 9\Desarrollo de apps moviles\Android s\jbr\bin\extnet.dll
0x00007ffea9ba0000 - 0x00007ffea9bbb000 	C:\WINDOWS\SYSTEM32\CRYPTSP.dll
0x00007ffea91b0000 - 0x00007ffea91e9000 	C:\WINDOWS\system32\rsaenh.dll
0x00007ffea9850000 - 0x00007ffea9882000 	C:\WINDOWS\SYSTEM32\USERENV.dll
0x00007ffeaa3f0000 - 0x00007ffeaa41a000 	C:\WINDOWS\SYSTEM32\bcrypt.dll
0x00007ffea9a00000 - 0x00007ffea9a0c000 	C:\WINDOWS\SYSTEM32\CRYPTBASE.dll
0x00007ffe7d270000 - 0x00007ffe7d278000 	C:\WINDOWS\system32\wshunix.dll

JVMTI agents:
C:\Users\USUARIO\.gradle\wrapper\dists\gradle-9.2.1-bin\2t0n5ozlw9xmuyvbp7dnzaxug\gradle-9.2.1\lib\agents\gradle-instrumentation-agent-9.2.1.jar path:C:\Users\USUARIO\Documents\Universidad\Semestre 9\Desarrollo de apps moviles\Android s\jbr\bin\instrument.dll, loaded, initialized, instrumentlib options:none

dbghelp: loaded successfully - version: 4.0.5 - missing functions: none
symbol engine: initialized successfully - sym options: 0x614 - pdb path: .;C:\Users\USUARIO\Documents\Universidad\Semestre 9\Desarrollo de apps moviles\Android s\jbr\bin;C:\WINDOWS\SYSTEM32;C:\Program Files\Avast Software\Avast;C:\WINDOWS\WinSxS\amd64_microsoft.windows.common-controls_6595b64144ccf1df_6.0.26100.8037_none_3e092faae333b53b;C:\Users\USUARIO\Documents\Universidad\Semestre 9\Desarrollo de apps moviles\Android s\jbr\bin\server;C:\Users\USUARIO\.gradle\native\660c5614fbf4a5f2a75b1949f50a0caf5cd603558e7d8a26e50b933a0cfb79d1\windows-amd64;C:\Users\USUARIO\.gradle\native\0.2.8\x86_64-windows-gnu

VM Arguments:
jvm_args: --add-opens=java.base/java.lang=ALL-UNNAMED --add-opens=java.base/java.lang.invoke=ALL-UNNAMED --add-opens=java.base/java.util=ALL-UNNAMED --add-opens=java.prefs/java.util.prefs=ALL-UNNAMED --add-exports=jdk.compiler/com.sun.tools.javac.api=ALL-UNNAMED --add-exports=jdk.compiler/com.sun.tools.javac.util=ALL-UNNAMED --add-opens=java.base/java.util=ALL-UNNAMED --add-opens=java.prefs/java.util.prefs=ALL-UNNAMED --add-opens=java.base/java.nio.charset=ALL-UNNAMED --add-opens=java.base/java.net=ALL-UNNAMED --add-opens=java.base/java.util.concurrent=ALL-UNNAMED --add-opens=java.base/java.util.concurrent.atomic=ALL-UNNAMED --add-opens=java.xml/javax.xml.namespace=ALL-UNNAMED --add-opens=java.base/java.time=ALL-UNNAMED -Xmx2048m -Dfile.encoding=UTF-8 -Duser.country=CO -Duser.language=es -Duser.variant -javaagent:C:\Users\USUARIO\.gradle\wrapper\dists\gradle-9.2.1-bin\2t0n5ozlw9xmuyvbp7dnzaxug\gradle-9.2.1\lib\agents\gradle-instrumentation-agent-9.2.1.jar 
java_command: org.gradle.launcher.daemon.bootstrap.GradleDaemon 9.2.1
java_class_path (initial): C:\Users\USUARIO\.gradle\wrapper\dists\gradle-9.2.1-bin\2t0n5ozlw9xmuyvbp7dnzaxug\gradle-9.2.1\lib\gradle-daemon-main-9.2.1.jar
Launcher Type: SUN_STANDARD

[Global flags]
     intx CICompilerCount                          = 4                                         {product} {ergonomic}
     uint ConcGCThreads                            = 2                                         {product} {ergonomic}
     uint G1ConcRefinementThreads                  = 8                                         {product} {ergonomic}
   size_t G1HeapRegionSize                         = 1048576                                   {product} {ergonomic}
    uintx GCDrainStackTargetSize                   = 64                                        {product} {ergonomic}
   size_t InitialHeapSize                          = 257949696                                 {product} {ergonomic}
   size_t MarkStackSize                            = 4194304                                   {product} {ergonomic}
   size_t MaxHeapSize                              = 2147483648                                {product} {command line}
   size_t MaxNewSize                               = 1287651328                                {product} {ergonomic}
   size_t MinHeapDeltaBytes                        = 1048576                                   {product} {ergonomic}
   size_t MinHeapSize                              = 8388608                                   {product} {ergonomic}
    uintx NonNMethodCodeHeapSize                   = 5839372                                {pd product} {ergonomic}
    uintx NonProfiledCodeHeapSize                  = 122909434                              {pd product} {ergonomic}
    uintx ProfiledCodeHeapSize                     = 122909434                              {pd product} {ergonomic}
    uintx ReservedCodeCacheSize                    = 251658240                              {pd product} {ergonomic}
     bool SegmentedCodeCache                       = true                                      {product} {ergonomic}
   size_t SoftMaxHeapSize                          = 2147483648                             {manageable} {ergonomic}
     bool UseCompressedOops                        = true                           {product lp64_product} {ergonomic}
     bool UseG1GC                                  = true                                      {product} {ergonomic}
     bool UseLargePagesIndividualAllocation        = false                                  {pd product} {ergonomic}

Logging:
Log output configuration:
 #0: stdout all=warning uptime,level,tags foldmultilines=false
 #1: stderr all=off uptime,level,tags foldmultilines=false

Release file:
JAVA_VERSION="21.0.9" 
MODULES="java.base java.compiler java.datatransfer java.xml java.prefs java.desktop java.instrument java.logging java.management java.security.sasl java.naming java.rmi java.management.rmi java.net.http java.scripting java.security.jgss java.transaction.xa java.sql java.sql.rowset java.xml.crypto java.se java.smartcardio jdk.accessibility jdk.internal.jvmstat jdk.attach jdk.charsets jdk.internal.opt jdk.zipfs jdk.compiler jdk.crypto.ec jdk.crypto.cryptoki jdk.dynalink jdk.hotspot.agent jdk.httpserver jdk.internal.ed jdk.internal.le jdk.internal.vm.ci jdk.jartool jdk.javadoc jdk.jcmd jdk.jdeps jdk.jdwp.agent jdk.jdi jdk.jfr jdk.jlink jdk.jsobject jdk.localedata jdk.management jdk.management.agent jdk.management.jfr jdk.naming.dns jdk.naming.rmi jdk.net jdk.sctp jdk.security.auth jdk.security.jgss jdk.unsupported jdk.unsupported.desktop jdk.xml.dom" 
IMPLEMENTOR="JetBrains s.r.o." 
JAVA_RUNTIME_VERSION="21.0.9+-14649483-b1163.86" 
LIBC="default" 
OS_ARCH="x86_64" 
OS_NAME="Windows" 
SOURCE=".:git:554d0c326095" 

Environment Variables:
PATH=C:\Program Files\Common Files\Oracle\Java\javapath;C:\WINDOWS\system32;C:\WINDOWS;C:\WINDOWS\System32\Wbem;C:\WINDOWS\System32\WindowsPowerShell\v1.0\;C:\WINDOWS\System32\OpenSSH\;C:\Program Files\Git\cmd;C:\Program Files\Docker\Docker\resources\bin;C:\Users\USUARIO\AppData\Local\Microsoft\WindowsApps;C:\Program Files\JetBrains\IntelliJ IDEA 2023.2.2\bin;;C:\Users\USUARIO\AppData\Local\Programs\Microsoft VS Code\bin;C:\Users\USUARIO\AppData\Local\GitHubDesktop\bin;C:\Program Files\Multipass\bin;;C:\Program Files\Java\jdk-22\bin;C:\Program Files\nodejs\;C:\Users\USUARIO\AppData\Local\Microsoft\WindowsApps;C:\Program Files\JetBrains\IntelliJ IDEA 2023.2.2\bin;;C:\Users\USUARIO\AppData\Local\Programs\Microsoft VS Code\bin;C:\Users\USUARIO\AppData\Local\GitHubDesktop\bin;C:\Users\USUARIO\AppData\Roaming\npm
USERNAME=USUARIO
OS=Windows_NT
PROCESSOR_IDENTIFIER=AMD64 Family 23 Model 160 Stepping 0, AuthenticAMD
TMP=C:\Users\USUARIO\AppData\Local\Temp
TEMP=C:\Users\USUARIO\AppData\Local\Temp




Periodic native trim disabled

JNI global refs:
JNI global refs: 26, weak refs: 64

JNI global refs memory usage: 835, weak refs: 833

Process memory usage:
Resident Set Size: 371924K (2% of 16023164K total physical memory with 1873516K free physical memory)

OOME stack traces (most recent first):
Classloader memory used:
Loader org.gradle.internal.classloader.VisitableURLClassLoader                         : 36672K
Loader bootstrap                                                                       : 22487K
Loader org.gradle.initialization.MixInLegacyTypesClassLoader                           : 10797K
Loader org.gradle.internal.classloader.VisitableURLClassLoader                         : 1121K
Loader org.gradle.internal.classloader.VisitableURLClassLoader$InstrumentingVisitableURLClassLoader: 739K
Loader jdk.internal.reflect.DelegatingClassLoader                                      : 290K
Loader jdk.internal.loader.ClassLoaders$AppClassLoader                                 : 230K
Loader jdk.internal.loader.ClassLoaders$PlatformClassLoader                            : 183K
Loader org.gradle.groovy.scripts.internal.DefaultScriptCompilationHandler$ScriptClassLoader: 92360B

Classes loaded by more than one classloader:
Class org.gradle.internal.IoActions                                                   : loaded 3 times (x 71B)
Class org.gradle.api.Action                                                           : loaded 3 times (x 70B)
Class org.gradle.internal.Cast                                                        : loaded 3 times (x 71B)
Class org.gradle.api.GradleException                                                  : loaded 3 times (x 82B)
Class Program                                                                         : loaded 3 times (x 72B)
Class org.gradle.internal.operations.MultipleBuildOperationFailures                   : loaded 2 times (x 95B)
Class ijInit1_bt3pubz7ew9gc2t23wvwdnn93$_run_closure1                                 : loaded 2 times (x 140B)
Class org.gradle.internal.classloader.DefaultClassLoaderFactory                       : loaded 2 times (x 82B)
Class kotlin.collections.AbstractList$Companion                                       : loaded 2 times (x 71B)
Class org.gradle.internal.classloader.ClassLoaderVisitor                              : loaded 2 times (x 76B)
Class org.gradle.api.internal.classpath.EffectiveClassPath                            : loaded 2 times (x 90B)
Class org.gradle.tooling.internal.gradle.DefaultProjectIdentifier                     : loaded 2 times (x 86B)
Class org.gradle.api.internal.DefaultClassPathProvider                                : loaded 2 times (x 76B)
Class [Lorg.gradle.api.internal.ClassPathProvider;                                    : loaded 2 times (x 69B)
Class org.gradle.api.internal.ClassPathProvider                                       : loaded 2 times (x 70B)
Class org.gradle.internal.service.UnknownServiceException                             : loaded 2 times (x 83B)
Class org.gradle.internal.classpath.TransformedClassPath                              : loaded 2 times (x 96B)
Class org.gradle.internal.classloader.InstrumentingClassLoader                        : loaded 2 times (x 70B)
Class com.google.common.collect.Iterators$ArrayItr                                    : loaded 2 times (x 97B)
Class kotlin.enums.EnumEntriesList                                                    : loaded 2 times (x 223B)
Class com.google.common.collect.UnmodifiableIterator                                  : loaded 2 times (x 80B)
Class org.gradle.internal.service.ServiceLocator                                      : loaded 2 times (x 70B)
Class com.intellij.gradle.toolingExtension.util.GradleVersionUtil                     : loaded 2 times (x 71B)
Class com.google.common.collect.Iterators$SingletonIterator                           : loaded 2 times (x 81B)
Class org.gradle.tooling.model.UnsupportedMethodException                             : loaded 2 times (x 82B)
Class com.google.common.collect.Iterators                                             : loaded 2 times (x 71B)
Class com.google.common.collect.Lists$StringAsImmutableList                           : loaded 2 times (x 207B)
Class org.gradle.internal.time.DefaultTimer                                           : loaded 2 times (x 80B)
Class org.gradle.internal.classloader.ClasspathUtil$1                                 : loaded 2 times (x 76B)
Class org.gradle.api.internal.classpath.DefaultModuleRegistry$DefaultModule           : loaded 2 times (x 86B)
Class com.google.common.collect.AbstractIterator                                      : loaded 2 times (x 82B)
Class com.google.common.collect.AbstractIndexedListIterator                           : loaded 2 times (x 96B)
Class sync_studio_tooling7_5xovnuoylpuodfj5e22nv6fiv$_run_closure1                    : loaded 2 times (x 139B)
Class org.gradle.internal.time.DefaultCountdownTimer                                  : loaded 2 times (x 88B)
Class org.gradle.tooling.internal.gradle.DefaultBuildIdentifier                       : loaded 2 times (x 79B)
Class org.gradle.api.internal.classpath.Module                                        : loaded 2 times (x 70B)
Class org.gradle.api.internal.classpath.UnknownModuleException                        : loaded 2 times (x 82B)
Class org.gradle.tooling.internal.gradle.GradleProjectIdentity                        : loaded 2 times (x 70B)
Class org.gradle.api.internal.DefaultClassPathRegistry                                : loaded 2 times (x 76B)
Class org.gradle.api.internal.ClassPathRegistry                                       : loaded 2 times (x 70B)
Class org.gradle.internal.classpath.DefaultClassPath$ImmutableUniqueList              : loaded 2 times (x 199B)
Class com.google.common.collect.UnmodifiableListIterator                              : loaded 2 times (x 95B)
Class org.gradle.api.internal.classpath.ManifestUtil                                  : loaded 2 times (x 71B)
Class org.gradle.internal.classpath.ClassPath                                         : loaded 2 times (x 70B)
Class com.google.common.collect.Iterators$1                                           : loaded 2 times (x 81B)
Class org.gradle.tooling.model.Model                                                  : loaded 2 times (x 70B)
Class kotlin.UninitializedPropertyAccessException                                     : loaded 2 times (x 82B)
Class com.google.common.collect.Iterators$4                                           : loaded 2 times (x 82B)
Class org.gradle.api.internal.classpath.ModuleRegistry                                : loaded 2 times (x 70B)
Class org.gradle.internal.installation.GradleInstallation$1                           : loaded 2 times (x 75B)
Class com.google.common.collect.Iterators$5                                           : loaded 2 times (x 82B)
Class com.google.common.collect.ImmutableCollection                                   : loaded 2 times (x 125B)
Class org.gradle.api.internal.classpath.DefaultModuleRegistry                         : loaded 2 times (x 86B)
Class com.google.common.collect.Lists                                                 : loaded 2 times (x 71B)
Class com.google.common.collect.Iterators$9                                           : loaded 2 times (x 81B)
Class org.gradle.internal.time.MonotonicClock                                         : loaded 2 times (x 77B)
Class org.gradle.internal.service.ServiceLookupException                              : loaded 2 times (x 82B)
Class org.gradle.internal.classloader.ClassLoaderFactory                              : loaded 2 times (x 70B)
Class org.gradle.internal.service.CachingServiceLocator                               : loaded 2 times (x 82B)
Class org.gradle.internal.time.TimeSource                                             : loaded 2 times (x 70B)
Class org.gradle.tooling.internal.gradle.GradleBuildIdentity                          : loaded 2 times (x 70B)
Class kotlin.enums.EnumEntries                                                        : loaded 2 times (x 70B)
Class org.gradle.internal.exceptions.ResolutionProvider                               : loaded 2 times (x 70B)
Class org.gradle.tooling.model.ProjectIdentifier                                      : loaded 2 times (x 70B)
Class org.gradle.internal.classloader.ClasspathUtil                                   : loaded 2 times (x 71B)
Class org.gradle.internal.time.TimeSource$1                                           : loaded 2 times (x 77B)
Class kotlin.jvm.internal.DefaultConstructorMarker                                    : loaded 2 times (x 71B)
Class org.gradle.api.specs.Spec                                                       : loaded 2 times (x 70B)
Class com.intellij.gradle.toolingExtension.impl.model.utilDummyModel.DummyModel       : loaded 2 times (x 70B)
Class org.gradle.internal.time.Clock                                                  : loaded 2 times (x 70B)
Class kotlin.collections.AbstractList                                                 : loaded 2 times (x 197B)
Class kotlin.collections.AbstractCollection                                           : loaded 2 times (x 117B)
Class org.gradle.internal.classloader.VisitableURLClassLoader$InstrumentingVisitableURLClassLoader: loaded 2 times (x 123B)
Class org.gradle.internal.classloader.VisitableURLClassLoader$Spec                    : loaded 2 times (x 74B)
Class org.gradle.internal.classpath.DefaultClassPath                                  : loaded 2 times (x 90B)
Class org.gradle.util.internal.DefaultGradleVersion                                   : loaded 2 times (x 82B)
Class org.gradle.internal.classloader.ClassLoaderSpec                                 : loaded 2 times (x 71B)
Class Settings_gradle$1$1                                                             : loaded 2 times (x 74B)
Class org.gradle.internal.classloader.VisitableURLClassLoader                         : loaded 2 times (x 117B)
Class Settings_gradle                                                                 : loaded 2 times (x 124B)
Class org.gradle.internal.classloader.ClassLoaderHierarchy                            : loaded 2 times (x 70B)
Class org.gradle.internal.classloader.FilteringClassLoader                            : loaded 2 times (x 105B)
Class ijInit1_bt3pubz7ew9gc2t23wvwdnn93                                               : loaded 2 times (x 171B)
Class org.gradle.internal.classpath.DefaultClassPath$ImmutableUniqueList$Builder      : loaded 2 times (x 75B)
Class Settings_gradle$1                                                               : loaded 2 times (x 74B)
Class org.gradle.internal.exceptions.NonGradleCauseExceptionsHolder                   : loaded 2 times (x 70B)
Class kotlin.NotImplementedError                                                      : loaded 2 times (x 82B)
Class kotlin.enums.EnumEntriesKt                                                      : loaded 2 times (x 71B)
Class org.gradle.internal.classloader.SystemClassLoaderSpec                           : loaded 2 times (x 71B)
Class org.gradle.internal.exceptions.MultiCauseException                              : loaded 2 times (x 70B)
Class org.gradle.internal.time.CountdownTimer                                         : loaded 2 times (x 70B)
Class kotlin.jvm.internal.Intrinsics                                                  : loaded 2 times (x 71B)
Class org.gradle.tooling.model.ProjectModel                                           : loaded 2 times (x 70B)
Class sync_studio_tooling7_5xovnuoylpuodfj5e22nv6fiv                                  : loaded 2 times (x 171B)
Class kotlin.KotlinNullPointerException                                               : loaded 2 times (x 83B)
Class org.gradle.internal.exceptions.DefaultMultiCauseException                       : loaded 2 times (x 95B)
Class com.google.common.base.Preconditions                                            : loaded 2 times (x 71B)
Class com.google.common.collect.PeekingIterator                                       : loaded 2 times (x 70B)
Class org.gradle.internal.time.Time                                                   : loaded 2 times (x 71B)
Class org.gradle.api.internal.classpath.GlobalCacheRootsProvider                      : loaded 2 times (x 70B)
Class org.gradle.tooling.model.BuildIdentifier                                        : loaded 2 times (x 70B)
Class kotlin.NoWhenBranchMatchedException                                             : loaded 2 times (x 82B)
Class org.gradle.internal.time.Timer                                                  : loaded 2 times (x 70B)
Class kotlin.jvm.internal.markers.KMappedMarker                                       : loaded 2 times (x 70B)
Class org.gradle.internal.installation.CurrentGradleInstallationLocator               : loaded 2 times (x 71B)
Class com.google.common.collect.ImmutableList                                         : loaded 2 times (x 206B)
Class org.gradle.internal.service.DefaultServiceLocator                               : loaded 2 times (x 83B)
Class org.gradle.util.GradleVersion                                                   : loaded 2 times (x 81B)
Class org.gradle.internal.installation.CurrentGradleInstallation                      : loaded 2 times (x 73B)
Class org.gradle.util.internal.GUtil                                                  : loaded 2 times (x 71B)
Class com.google.common.collect.Iterators$MergingIterator                             : loaded 2 times (x 81B)
Class org.gradle.internal.installation.GradleInstallation                             : loaded 2 times (x 75B)

---------------  S Y S T E M  ---------------

OS:
 Windows 11 , 64 bit Build 26100 (10.0.26100.7920)
OS uptime: 2 days 3:33 hours
Hyper-V role detected

CPU: total 8 (initial active 8) (8 cores per cpu, 2 threads per core) family 23 model 160 stepping 0 microcode 0x8a00006, cx8, cmov, fxsr, ht, mmx, 3dnowpref, sse, sse2, sse3, ssse3, sse4a, sse4.1, sse4.2, popcnt, lzcnt, tsc, tscinvbit, avx, avx2, aes, clmul, bmi1, bmi2, adx, sha, fma, vzeroupper, clflush, clflushopt, hv, rdtscp, rdpid, f16c
Processor Information for processor 0
  Max Mhz: 2801, Current Mhz: 2483, Mhz Limit: 2801
Processor Information for processor 1
  Max Mhz: 2801, Current Mhz: 2483, Mhz Limit: 2801
Processor Information for processor 2
  Max Mhz: 2801, Current Mhz: 2483, Mhz Limit: 2801
Processor Information for processor 3
  Max Mhz: 2801, Current Mhz: 2483, Mhz Limit: 2801
Processor Information for processor 4
  Max Mhz: 2801, Current Mhz: 2801, Mhz Limit: 2801
Processor Information for processor 5
  Max Mhz: 2801, Current Mhz: 2483, Mhz Limit: 2801
Processor Information for processor 6
  Max Mhz: 2801, Current Mhz: 2483, Mhz Limit: 2801
Processor Information for processor 7
  Max Mhz: 2801, Current Mhz: 2801, Mhz Limit: 2801

Memory: 4k page, system-wide physical 15647M (1829M free)
TotalPageFile size 25077M (AvailPageFile size 2M)
current process WorkingSet (physical memory assigned to process): 365M, peak: 365M
current process commit charge ("private bytes"): 400M, peak: 400M

vm_info: OpenJDK 64-Bit Server VM (21.0.9+-14649483-b1163.86) for windows-amd64 JRE (21.0.9+-14649483-b1163.86), built on 2025-12-30T22:08:35Z by "builder" with MS VC++ 16.10 / 16.11 (VS2019)

END.
